Using pre-set license
Built from '2021.2/staging' branch; Version is '2021.2.3f1 (32358a8527b4) revision 3290506'; Using compiler version '192829333'; Build Type 'Release'
OS: 'Windows 10 Home; OS build 19044.2251; Version 2009; 64bit' Language: 'de' Physical Memory: 15733 MB
BatchMode: 1, IsHumanControllingUs: 0, StartBugReporterOnCrash: 0, Is64bit: 1, IsPro: 0

COMMAND LINE ARGUMENTS:
C:\Program Files\Unity\Hub\Editor\2021.2.3f1\Editor\Unity.exe
-adb2
-batchMode
-noUpm
-name
AssetImportWorker3
-projectPath
C:/Users/DI Paul Krenmayr/OneDrive - HTBLA Leonding/Schule/SYP/SYP-Blank-/DungeonGame
-logFile
Logs/AssetImportWorker3.log
-srvPort
54417
Successfully changed project path to: C:/Users/DI Paul Krenmayr/OneDrive - HTBLA Leonding/Schule/SYP/SYP-Blank-/DungeonGame
C:/Users/DI Paul Krenmayr/OneDrive - HTBLA Leonding/Schule/SYP/SYP-Blank-/DungeonGame
[UnityMemory] Configuration Parameters - Can be set up in boot.config
    "memorysetup-bucket-allocator-granularity=16"
    "memorysetup-bucket-allocator-bucket-count=8"
    "memorysetup-bucket-allocator-block-size=33554432"
    "memorysetup-bucket-allocator-block-count=8"
    "memorysetup-main-allocator-block-size=16777216"
    "memorysetup-thread-allocator-block-size=16777216"
    "memorysetup-gfx-main-allocator-block-size=16777216"
    "memorysetup-gfx-thread-allocator-block-size=16777216"
    "memorysetup-cache-allocator-block-size=4194304"
    "memorysetup-typetree-allocator-block-size=2097152"
    "memorysetup-profiler-bucket-allocator-granularity=16"
    "memorysetup-profiler-bucket-allocator-bucket-count=8"
    "memorysetup-profiler-bucket-allocator-block-size=33554432"
    "memorysetup-profiler-bucket-allocator-block-count=8"
    "memorysetup-profiler-allocator-block-size=16777216"
    "memorysetup-profiler-editor-allocator-block-size=1048576"
    "memorysetup-temp-allocator-size-main=16777216"
    "memorysetup-job-temp-allocator-block-size=2097152"
    "memorysetup-job-temp-allocator-block-size-background=1048576"
    "memorysetup-job-temp-allocator-reduction-small-platforms=262144"
    "memorysetup-temp-allocator-size-background-worker=32768"
    "memorysetup-temp-allocator-size-job-worker=262144"
    "memorysetup-temp-allocator-size-preload-manager=33554432"
    "memorysetup-temp-allocator-size-nav-mesh-worker=65536"
    "memorysetup-temp-allocator-size-audio-worker=65536"
    "memorysetup-temp-allocator-size-cloud-worker=32768"
    "memorysetup-temp-allocator-size-gi-baking-worker=262144"
    "memorysetup-temp-allocator-size-gfx=262144"
Refreshing native plugins compatible for Editor in 392.29 ms, found 4 plugins.
Preloading 0 native plugins for Editor in 0.00 ms.
Initialize engine version: 2021.2.3f1 (32358a8527b4)
[Subsystems] Discovering subsystems at path C:/Program Files/Unity/Hub/Editor/2021.2.3f1/Editor/Data/Resources/UnitySubsystems
[Subsystems] Discovering subsystems at path C:/Users/DI Paul Krenmayr/OneDrive - HTBLA Leonding/Schule/SYP/SYP-Blank-/DungeonGame/Assets
GfxDevice: creating device client; threaded=0; jobified=0
Direct3D:
    Version:  Direct3D 11.0 [level 11.1]
    Renderer: AMD Radeon(TM) Graphics (ID=0x1636)
    Vendor:   ATI
    VRAM:     7866 MB
    Driver:   30.0.13044.0
Initialize mono
Mono path[0] = 'C:/Program Files/Unity/Hub/Editor/2021.2.3f1/Editor/Data/Managed'
Mono path[1] = 'C:/Program Files/Unity/Hub/Editor/2021.2.3f1/Editor/Data/MonoBleedingEdge/lib/mono/unityjit-win32'
Mono config path = 'C:/Program Files/Unity/Hub/Editor/2021.2.3f1/Editor/Data/MonoBleedingEdge/etc'
Using monoOptions --debugger-agent=transport=dt_socket,embedding=1,server=y,suspend=n,address=127.0.0.1:56052
Begin MonoManager ReloadAssembly
Registering precompiled unity dll's ...
Register platform support module: C:/Program Files/Unity/Hub/Editor/2021.2.3f1/Editor/Data/PlaybackEngines/WindowsStandaloneSupport/UnityEditor.WindowsStandalone.Extensions.dll
Registered in 0.017631 seconds.
Native extension for WindowsStandalone target not found
Refreshing native plugins compatible for Editor in 289.85 ms, found 4 plugins.
Preloading 0 native plugins for Editor in 0.00 ms.
Mono: successfully reloaded assembly
- Completed reload, in  1.713 seconds
Domain Reload Profiling:
	ReloadAssembly (1714ms)
		BeginReloadAssembly (177ms)
			ExecutionOrderSort (0ms)
			DisableScriptedObjects (0ms)
			BackupInstance (0ms)
			ReleaseScriptingObjects (0ms)
			CreateAndSetChildDomain (2ms)
		EndReloadAssembly (1320ms)
			LoadAssemblies (171ms)
			RebuildTransferFunctionScriptingTraits (0ms)
			SetupTypeCache (259ms)
			ReleaseScriptCaches (0ms)
			RebuildScriptCaches (72ms)
			SetupLoadedEditorAssemblies (841ms)
				LogAssemblyErrors (0ms)
				InitializePlatformSupportModulesInManaged (44ms)
				SetLoadedEditorAssemblies (1ms)
				RefreshPlugins (290ms)
				BeforeProcessingInitializeOnLoad (4ms)
				ProcessInitializeOnLoadAttributes (363ms)
				ProcessInitializeOnLoadMethodAttributes (139ms)
				AfterProcessingInitializeOnLoad (0ms)
				EditorAssembliesLoaded (0ms)
			ExecutionOrderSort2 (0ms)
			AwakeInstancesAfterBackupRestoration (0ms)
Platform modules already initialized, skipping
Registering precompiled user dll's ...
Registered in 0.024740 seconds.
Begin MonoManager ReloadAssembly
Symbol file LoadedFromMemory doesn't match image C:\Users\DI Paul Krenmayr\OneDrive - HTBLA Leonding\Schule\SYP\SYP-Blank-\DungeonGame\Library\PackageCache\com.unity.visualscripting@1.7.5\Editor\VisualScripting.Core\Dependencies\YamlDotNet\Unity.VisualScripting.YamlDotNet.dll
Symbol file LoadedFromMemory doesn't match image C:\Users\DI Paul Krenmayr\OneDrive - HTBLA Leonding\Schule\SYP\SYP-Blank-\DungeonGame\Library\PackageCache\com.unity.visualscripting@1.7.5\Editor\VisualScripting.Core\Dependencies\DotNetZip\Unity.VisualScripting.IonicZip.dll
Native extension for WindowsStandalone target not found
Refreshing native plugins compatible for Editor in 267.32 ms, found 4 plugins.
Preloading 0 native plugins for Editor in 0.00 ms.
Mono: successfully reloaded assembly
- Completed reload, in  4.681 seconds
Domain Reload Profiling:
	ReloadAssembly (4683ms)
		BeginReloadAssembly (439ms)
			ExecutionOrderSort (0ms)
			DisableScriptedObjects (14ms)
			BackupInstance (0ms)
			ReleaseScriptingObjects (0ms)
			CreateAndSetChildDomain (41ms)
		EndReloadAssembly (3987ms)
			LoadAssemblies (190ms)
			RebuildTransferFunctionScriptingTraits (0ms)
			SetupTypeCache (618ms)
			ReleaseScriptCaches (2ms)
			RebuildScriptCaches (153ms)
			SetupLoadedEditorAssemblies (2695ms)
				LogAssemblyErrors (0ms)
				InitializePlatformSupportModulesInManaged (32ms)
				SetLoadedEditorAssemblies (1ms)
				RefreshPlugins (267ms)
				BeforeProcessingInitializeOnLoad (257ms)
				ProcessInitializeOnLoadAttributes (2035ms)
				ProcessInitializeOnLoadMethodAttributes (83ms)
				AfterProcessingInitializeOnLoad (19ms)
				EditorAssembliesLoaded (0ms)
			ExecutionOrderSort2 (0ms)
			AwakeInstancesAfterBackupRestoration (14ms)
Platform modules already initialized, skipping
========================================================================
Worker process is ready to serve import requests
Launched and connected shader compiler UnityShaderCompiler.exe after 0.11 seconds
Refreshing native plugins compatible for Editor in 1.52 ms, found 4 plugins.
Preloading 0 native plugins for Editor in 0.00 ms.
Unloading 3903 Unused Serialized files (Serialized files now loaded: 0)
Unloading 37 unused Assets / (55.5 KB). Loaded Objects now: 4359.
Memory consumption went from 150.8 MB to 150.7 MB.
Total: 8.097700 ms (FindLiveObjects: 0.674600 ms CreateObjectMapping: 0.443400 ms MarkObjects: 6.820800 ms  DeleteObjects: 0.156500 ms)

AssetImportParameters requested are different than current active one (requested -> active):
  custom:video-decoder-ogg-theora: a1e56fd34408186e4bbccfd4996cb3dc -> 
  custom:container-muxer-webm: aa71ff27fc2769a1b78a27578f13a17b -> 
  custom:container-demuxer-webm: 4f35f7cbe854078d1ac9338744f61a02 -> 
  custom:video-encoder-webm-vp8: eb34c28f22e8b96e1ab97ce403110664 -> 
  custom:video-codec-MediaFoundation-h265: 746d11721c4dcdbdad8f713fa42b33f4 -> 
  custom:audio-encoder-webm-vorbis: bf7c407c2cedff20999df2af8eb42d56 -> 
  custom:framework-win-MediaFoundation: 216162199b28c13a410421893ffa2e32 -> 
  custom:container-demuxer-ogg: 62fdf1f143b41e24485cea50d1cbac27 -> 
  custom:video-decoder-webm-vp8: 9c59270c3fd7afecdb556c50c9e8de78 -> 
  custom:audio-decoder-ogg-vorbis: bf7c407c2cedff20999df2af8eb42d56 -> 
========================================================================
Received Prepare
Registering precompiled user dll's ...
Registered in 0.025594 seconds.
Begin MonoManager ReloadAssembly
Symbol file LoadedFromMemory doesn't match image C:\Users\DI Paul Krenmayr\OneDrive - HTBLA Leonding\Schule\SYP\SYP-Blank-\DungeonGame\Library\PackageCache\com.unity.visualscripting@1.7.5\Editor\VisualScripting.Core\Dependencies\YamlDotNet\Unity.VisualScripting.YamlDotNet.dll
Symbol file LoadedFromMemory doesn't match image C:\Users\DI Paul Krenmayr\OneDrive - HTBLA Leonding\Schule\SYP\SYP-Blank-\DungeonGame\Library\PackageCache\com.unity.visualscripting@1.7.5\Editor\VisualScripting.Core\Dependencies\DotNetZip\Unity.VisualScripting.IonicZip.dll
Native extension for WindowsStandalone target not found
Refreshing native plugins compatible for Editor in 1.59 ms, found 4 plugins.
Preloading 0 native plugins for Editor in 0.00 ms.
Mono: successfully reloaded assembly
- Completed reload, in  2.906 seconds
Domain Reload Profiling:
	ReloadAssembly (2908ms)
		BeginReloadAssembly (307ms)
			ExecutionOrderSort (0ms)
			DisableScriptedObjects (17ms)
			BackupInstance (0ms)
			ReleaseScriptingObjects (0ms)
			CreateAndSetChildDomain (85ms)
		EndReloadAssembly (2328ms)
			LoadAssemblies (218ms)
			RebuildTransferFunctionScriptingTraits (0ms)
			SetupTypeCache (586ms)
			ReleaseScriptCaches (3ms)
			RebuildScriptCaches (124ms)
			SetupLoadedEditorAssemblies (1140ms)
				LogAssemblyErrors (0ms)
				InitializePlatformSupportModulesInManaged (30ms)
				SetLoadedEditorAssemblies (1ms)
				RefreshPlugins (2ms)
				BeforeProcessingInitializeOnLoad (182ms)
				ProcessInitializeOnLoadAttributes (833ms)
				ProcessInitializeOnLoadMethodAttributes (71ms)
				AfterProcessingInitializeOnLoad (19ms)
				EditorAssembliesLoaded (1ms)
			ExecutionOrderSort2 (0ms)
			AwakeInstancesAfterBackupRestoration (22ms)
Platform modules already initialized, skipping
Refreshing native plugins compatible for Editor in 1.47 ms, found 4 plugins.
Preloading 0 native plugins for Editor in 0.00 ms.
Unloading 3892 Unused Serialized files (Serialized files now loaded: 0)
Unloading 26 unused Assets / (24.5 KB). Loaded Objects now: 4361.
Memory consumption went from 150.0 MB to 150.0 MB.
Total: 7.807800 ms (FindLiveObjects: 0.657900 ms CreateObjectMapping: 0.384100 ms MarkObjects: 6.702000 ms  DeleteObjects: 0.060000 ms)

AssetImportParameters requested are different than current active one (requested -> active):
  custom:video-decoder-ogg-theora: a1e56fd34408186e4bbccfd4996cb3dc -> 
  custom:container-muxer-webm: aa71ff27fc2769a1b78a27578f13a17b -> 
  custom:container-demuxer-webm: 4f35f7cbe854078d1ac9338744f61a02 -> 
  custom:video-encoder-webm-vp8: eb34c28f22e8b96e1ab97ce403110664 -> 
  custom:video-codec-MediaFoundation-h265: 746d11721c4dcdbdad8f713fa42b33f4 -> 
  custom:audio-encoder-webm-vorbis: bf7c407c2cedff20999df2af8eb42d56 -> 
  custom:framework-win-MediaFoundation: 216162199b28c13a410421893ffa2e32 -> 
  custom:container-demuxer-ogg: 62fdf1f143b41e24485cea50d1cbac27 -> 
  custom:video-decoder-webm-vp8: 9c59270c3fd7afecdb556c50c9e8de78 -> 
  custom:audio-decoder-ogg-vorbis: bf7c407c2cedff20999df2af8eb42d56 -> 
========================================================================
Received Import Request.
  Time since last request: 695287.060609 seconds.
  path: Assets/Scripts/Coin.cs
  artifactKey: Guid(c3919580deab3524c8b4ca8f2647511a) Importer(815301076,1909f56bfc062723c751e8b465ee728b)
Start importing Assets/Scripts/Coin.cs using Guid(c3919580deab3524c8b4ca8f2647511a) Importer(815301076,1909f56bfc062723c751e8b465ee728b)  -> (artifact id: 'a39adb2726cfe0dffa430568d0a77c00') in 0.070575 seconds 
========================================================================
Received Prepare
Registering precompiled user dll's ...
Registered in 0.020065 seconds.
Begin MonoManager ReloadAssembly
Symbol file LoadedFromMemory doesn't match image C:\Users\DI Paul Krenmayr\OneDrive - HTBLA Leonding\Schule\SYP\SYP-Blank-\DungeonGame\Library\PackageCache\com.unity.visualscripting@1.7.5\Editor\VisualScripting.Core\Dependencies\YamlDotNet\Unity.VisualScripting.YamlDotNet.dll
Symbol file LoadedFromMemory doesn't match image C:\Users\DI Paul Krenmayr\OneDrive - HTBLA Leonding\Schule\SYP\SYP-Blank-\DungeonGame\Library\PackageCache\com.unity.visualscripting@1.7.5\Editor\VisualScripting.Core\Dependencies\DotNetZip\Unity.VisualScripting.IonicZip.dll
Native extension for WindowsStandalone target not found
Refreshing native plugins compatible for Editor in 2.25 ms, found 4 plugins.
Preloading 0 native plugins for Editor in 0.00 ms.
Mono: successfully reloaded assembly
- Completed reload, in  3.377 seconds
Domain Reload Profiling:
	ReloadAssembly (3380ms)
		BeginReloadAssembly (327ms)
			ExecutionOrderSort (0ms)
			DisableScriptedObjects (18ms)
			BackupInstance (0ms)
			ReleaseScriptingObjects (0ms)
			CreateAndSetChildDomain (99ms)
		EndReloadAssembly (2773ms)
			LoadAssemblies (255ms)
			RebuildTransferFunctionScriptingTraits (0ms)
			SetupTypeCache (700ms)
			ReleaseScriptCaches (4ms)
			RebuildScriptCaches (123ms)
			SetupLoadedEditorAssemblies (1347ms)
				LogAssemblyErrors (0ms)
				InitializePlatformSupportModulesInManaged (38ms)
				SetLoadedEditorAssemblies (1ms)
				RefreshPlugins (2ms)
				BeforeProcessingInitializeOnLoad (217ms)
				ProcessInitializeOnLoadAttributes (938ms)
				ProcessInitializeOnLoadMethodAttributes (107ms)
				AfterProcessingInitializeOnLoad (42ms)
				EditorAssembliesLoaded (0ms)
			ExecutionOrderSort2 (0ms)
			AwakeInstancesAfterBackupRestoration (42ms)
Platform modules already initialized, skipping
Refreshing native plugins compatible for Editor in 1.51 ms, found 4 plugins.
Preloading 0 native plugins for Editor in 0.00 ms.
Unloading 3892 Unused Serialized files (Serialized files now loaded: 0)
Unloading 26 unused Assets / (24.5 KB). Loaded Objects now: 4363.
Memory consumption went from 150.1 MB to 150.0 MB.
Total: 7.936500 ms (FindLiveObjects: 0.930300 ms CreateObjectMapping: 0.830600 ms MarkObjects: 6.120400 ms  DeleteObjects: 0.051400 ms)

AssetImportParameters requested are different than current active one (requested -> active):
  custom:video-decoder-ogg-theora: a1e56fd34408186e4bbccfd4996cb3dc -> 
  custom:container-muxer-webm: aa71ff27fc2769a1b78a27578f13a17b -> 
  custom:container-demuxer-webm: 4f35f7cbe854078d1ac9338744f61a02 -> 
  custom:video-encoder-webm-vp8: eb34c28f22e8b96e1ab97ce403110664 -> 
  custom:video-codec-MediaFoundation-h265: 746d11721c4dcdbdad8f713fa42b33f4 -> 
  custom:audio-encoder-webm-vorbis: bf7c407c2cedff20999df2af8eb42d56 -> 
  custom:framework-win-MediaFoundation: 216162199b28c13a410421893ffa2e32 -> 
  custom:container-demuxer-ogg: 62fdf1f143b41e24485cea50d1cbac27 -> 
  custom:video-decoder-webm-vp8: 9c59270c3fd7afecdb556c50c9e8de78 -> 
  custom:audio-decoder-ogg-vorbis: bf7c407c2cedff20999df2af8eb42d56 -> 
========================================================================
Received Prepare
Registering precompiled user dll's ...
Registered in 0.027347 seconds.
Begin MonoManager ReloadAssembly
Symbol file LoadedFromMemory doesn't match image C:\Users\DI Paul Krenmayr\OneDrive - HTBLA Leonding\Schule\SYP\SYP-Blank-\DungeonGame\Library\PackageCache\com.unity.visualscripting@1.7.5\Editor\VisualScripting.Core\Dependencies\YamlDotNet\Unity.VisualScripting.YamlDotNet.dll
Symbol file LoadedFromMemory doesn't match image C:\Users\DI Paul Krenmayr\OneDrive - HTBLA Leonding\Schule\SYP\SYP-Blank-\DungeonGame\Library\PackageCache\com.unity.visualscripting@1.7.5\Editor\VisualScripting.Core\Dependencies\DotNetZip\Unity.VisualScripting.IonicZip.dll
Native extension for WindowsStandalone target not found
Refreshing native plugins compatible for Editor in 2.69 ms, found 4 plugins.
Preloading 0 native plugins for Editor in 0.00 ms.
Mono: successfully reloaded assembly
- Completed reload, in  3.363 seconds
Domain Reload Profiling:
	ReloadAssembly (3364ms)
		BeginReloadAssembly (330ms)
			ExecutionOrderSort (0ms)
			DisableScriptedObjects (16ms)
			BackupInstance (0ms)
			ReleaseScriptingObjects (0ms)
			CreateAndSetChildDomain (89ms)
		EndReloadAssembly (2721ms)
			LoadAssemblies (244ms)
			RebuildTransferFunctionScriptingTraits (0ms)
			SetupTypeCache (652ms)
			ReleaseScriptCaches (3ms)
			RebuildScriptCaches (128ms)
			SetupLoadedEditorAssemblies (1409ms)
				LogAssemblyErrors (0ms)
				InitializePlatformSupportModulesInManaged (33ms)
				SetLoadedEditorAssemblies (1ms)
				RefreshPlugins (3ms)
				BeforeProcessingInitializeOnLoad (233ms)
				ProcessInitializeOnLoadAttributes (989ms)
				ProcessInitializeOnLoadMethodAttributes (129ms)
				AfterProcessingInitializeOnLoad (21ms)
				EditorAssembliesLoaded (0ms)
			ExecutionOrderSort2 (0ms)
			AwakeInstancesAfterBackupRestoration (22ms)
Platform modules already initialized, skipping
Refreshing native plugins compatible for Editor in 2.03 ms, found 4 plugins.
Preloading 0 native plugins for Editor in 0.00 ms.
Unloading 3892 Unused Serialized files (Serialized files now loaded: 0)
Unloading 26 unused Assets / (24.6 KB). Loaded Objects now: 4365.
Memory consumption went from 150.1 MB to 150.1 MB.
Total: 10.307700 ms (FindLiveObjects: 0.652400 ms CreateObjectMapping: 0.479000 ms MarkObjects: 8.934900 ms  DeleteObjects: 0.239100 ms)

AssetImportParameters requested are different than current active one (requested -> active):
  custom:video-decoder-ogg-theora: a1e56fd34408186e4bbccfd4996cb3dc -> 
  custom:container-muxer-webm: aa71ff27fc2769a1b78a27578f13a17b -> 
  custom:container-demuxer-webm: 4f35f7cbe854078d1ac9338744f61a02 -> 
  custom:video-encoder-webm-vp8: eb34c28f22e8b96e1ab97ce403110664 -> 
  custom:video-codec-MediaFoundation-h265: 746d11721c4dcdbdad8f713fa42b33f4 -> 
  custom:audio-encoder-webm-vorbis: bf7c407c2cedff20999df2af8eb42d56 -> 
  custom:framework-win-MediaFoundation: 216162199b28c13a410421893ffa2e32 -> 
  custom:container-demuxer-ogg: 62fdf1f143b41e24485cea50d1cbac27 -> 
  custom:video-decoder-webm-vp8: 9c59270c3fd7afecdb556c50c9e8de78 -> 
  custom:audio-decoder-ogg-vorbis: bf7c407c2cedff20999df2af8eb42d56 -> 
========================================================================
Received Prepare
Registering precompiled user dll's ...
Registered in 0.024554 seconds.
Begin MonoManager ReloadAssembly
Symbol file LoadedFromMemory doesn't match image C:\Users\DI Paul Krenmayr\OneDrive - HTBLA Leonding\Schule\SYP\SYP-Blank-\DungeonGame\Library\PackageCache\com.unity.visualscripting@1.7.5\Editor\VisualScripting.Core\Dependencies\YamlDotNet\Unity.VisualScripting.YamlDotNet.dll
Symbol file LoadedFromMemory doesn't match image C:\Users\DI Paul Krenmayr\OneDrive - HTBLA Leonding\Schule\SYP\SYP-Blank-\DungeonGame\Library\PackageCache\com.unity.visualscripting@1.7.5\Editor\VisualScripting.Core\Dependencies\DotNetZip\Unity.VisualScripting.IonicZip.dll
Native extension for WindowsStandalone target not found
Refreshing native plugins compatible for Editor in 2.08 ms, found 4 plugins.
Preloading 0 native plugins for Editor in 0.00 ms.
Mono: successfully reloaded assembly
- Completed reload, in  3.351 seconds
Domain Reload Profiling:
	ReloadAssembly (3352ms)
		BeginReloadAssembly (395ms)
			ExecutionOrderSort (0ms)
			DisableScriptedObjects (19ms)
			BackupInstance (0ms)
			ReleaseScriptingObjects (0ms)
			CreateAndSetChildDomain (110ms)
		EndReloadAssembly (2686ms)
			LoadAssemblies (274ms)
			RebuildTransferFunctionScriptingTraits (0ms)
			SetupTypeCache (657ms)
			ReleaseScriptCaches (4ms)
			RebuildScriptCaches (152ms)
			SetupLoadedEditorAssemblies (1318ms)
				LogAssemblyErrors (0ms)
				InitializePlatformSupportModulesInManaged (38ms)
				SetLoadedEditorAssemblies (1ms)
				RefreshPlugins (2ms)
				BeforeProcessingInitializeOnLoad (220ms)
				ProcessInitializeOnLoadAttributes (930ms)
				ProcessInitializeOnLoadMethodAttributes (101ms)
				AfterProcessingInitializeOnLoad (25ms)
				EditorAssembliesLoaded (0ms)
			ExecutionOrderSort2 (0ms)
			AwakeInstancesAfterBackupRestoration (26ms)
Platform modules already initialized, skipping
Refreshing native plugins compatible for Editor in 1.65 ms, found 4 plugins.
Preloading 0 native plugins for Editor in 0.00 ms.
Unloading 3892 Unused Serialized files (Serialized files now loaded: 0)
Unloading 26 unused Assets / (24.6 KB). Loaded Objects now: 4367.
Memory consumption went from 150.1 MB to 150.1 MB.
Total: 12.117300 ms (FindLiveObjects: 0.717700 ms CreateObjectMapping: 0.388600 ms MarkObjects: 10.829300 ms  DeleteObjects: 0.178600 ms)

AssetImportParameters requested are different than current active one (requested -> active):
  custom:video-decoder-ogg-theora: a1e56fd34408186e4bbccfd4996cb3dc -> 
  custom:container-muxer-webm: aa71ff27fc2769a1b78a27578f13a17b -> 
  custom:container-demuxer-webm: 4f35f7cbe854078d1ac9338744f61a02 -> 
  custom:video-encoder-webm-vp8: eb34c28f22e8b96e1ab97ce403110664 -> 
  custom:video-codec-MediaFoundation-h265: 746d11721c4dcdbdad8f713fa42b33f4 -> 
  custom:audio-encoder-webm-vorbis: bf7c407c2cedff20999df2af8eb42d56 -> 
  custom:framework-win-MediaFoundation: 216162199b28c13a410421893ffa2e32 -> 
  custom:container-demuxer-ogg: 62fdf1f143b41e24485cea50d1cbac27 -> 
  custom:video-decoder-webm-vp8: 9c59270c3fd7afecdb556c50c9e8de78 -> 
  custom:audio-decoder-ogg-vorbis: bf7c407c2cedff20999df2af8eb42d56 -> 
========================================================================
Received Prepare
Registering precompiled user dll's ...
Registered in 0.027361 seconds.
Begin MonoManager ReloadAssembly
Symbol file LoadedFromMemory doesn't match image C:\Users\DI Paul Krenmayr\OneDrive - HTBLA Leonding\Schule\SYP\SYP-Blank-\DungeonGame\Library\PackageCache\com.unity.visualscripting@1.7.5\Editor\VisualScripting.Core\Dependencies\YamlDotNet\Unity.VisualScripting.YamlDotNet.dll
Symbol file LoadedFromMemory doesn't match image C:\Users\DI Paul Krenmayr\OneDrive - HTBLA Leonding\Schule\SYP\SYP-Blank-\DungeonGame\Library\PackageCache\com.unity.visualscripting@1.7.5\Editor\VisualScripting.Core\Dependencies\DotNetZip\Unity.VisualScripting.IonicZip.dll
Native extension for WindowsStandalone target not found
Refreshing native plugins compatible for Editor in 1.87 ms, found 4 plugins.
Preloading 0 native plugins for Editor in 0.00 ms.
Mono: successfully reloaded assembly
- Completed reload, in  3.290 seconds
Domain Reload Profiling:
	ReloadAssembly (3292ms)
		BeginReloadAssembly (390ms)
			ExecutionOrderSort (0ms)
			DisableScriptedObjects (18ms)
			BackupInstance (0ms)
			ReleaseScriptingObjects (0ms)
			CreateAndSetChildDomain (139ms)
		EndReloadAssembly (2624ms)
			LoadAssemblies (250ms)
			RebuildTransferFunctionScriptingTraits (0ms)
			SetupTypeCache (668ms)
			ReleaseScriptCaches (4ms)
			RebuildScriptCaches (148ms)
			SetupLoadedEditorAssemblies (1257ms)
				LogAssemblyErrors (0ms)
				InitializePlatformSupportModulesInManaged (36ms)
				SetLoadedEditorAssemblies (1ms)
				RefreshPlugins (2ms)
				BeforeProcessingInitializeOnLoad (211ms)
				ProcessInitializeOnLoadAttributes (917ms)
				ProcessInitializeOnLoadMethodAttributes (70ms)
				AfterProcessingInitializeOnLoad (18ms)
				EditorAssembliesLoaded (0ms)
			ExecutionOrderSort2 (0ms)
			AwakeInstancesAfterBackupRestoration (20ms)
Platform modules already initialized, skipping
Refreshing native plugins compatible for Editor in 1.79 ms, found 4 plugins.
Preloading 0 native plugins for Editor in 0.00 ms.
Unloading 3892 Unused Serialized files (Serialized files now loaded: 0)
Unloading 26 unused Assets / (24.6 KB). Loaded Objects now: 4369.
Memory consumption went from 150.1 MB to 150.1 MB.
Total: 7.908900 ms (FindLiveObjects: 0.664100 ms CreateObjectMapping: 0.411300 ms MarkObjects: 6.779700 ms  DeleteObjects: 0.051000 ms)

AssetImportParameters requested are different than current active one (requested -> active):
  custom:video-decoder-ogg-theora: a1e56fd34408186e4bbccfd4996cb3dc -> 
  custom:container-muxer-webm: aa71ff27fc2769a1b78a27578f13a17b -> 
  custom:container-demuxer-webm: 4f35f7cbe854078d1ac9338744f61a02 -> 
  custom:video-encoder-webm-vp8: eb34c28f22e8b96e1ab97ce403110664 -> 
  custom:video-codec-MediaFoundation-h265: 746d11721c4dcdbdad8f713fa42b33f4 -> 
  custom:audio-encoder-webm-vorbis: bf7c407c2cedff20999df2af8eb42d56 -> 
  custom:framework-win-MediaFoundation: 216162199b28c13a410421893ffa2e32 -> 
  custom:container-demuxer-ogg: 62fdf1f143b41e24485cea50d1cbac27 -> 
  custom:video-decoder-webm-vp8: 9c59270c3fd7afecdb556c50c9e8de78 -> 
  custom:audio-decoder-ogg-vorbis: bf7c407c2cedff20999df2af8eb42d56 -> 
========================================================================
Received Prepare
Registering precompiled user dll's ...
Registered in 0.020200 seconds.
Begin MonoManager ReloadAssembly
Symbol file LoadedFromMemory doesn't match image C:\Users\DI Paul Krenmayr\OneDrive - HTBLA Leonding\Schule\SYP\SYP-Blank-\DungeonGame\Library\PackageCache\com.unity.visualscripting@1.7.5\Editor\VisualScripting.Core\Dependencies\YamlDotNet\Unity.VisualScripting.YamlDotNet.dll
Symbol file LoadedFromMemory doesn't match image C:\Users\DI Paul Krenmayr\OneDrive - HTBLA Leonding\Schule\SYP\SYP-Blank-\DungeonGame\Library\PackageCache\com.unity.visualscripting@1.7.5\Editor\VisualScripting.Core\Dependencies\DotNetZip\Unity.VisualScripting.IonicZip.dll
Native extension for WindowsStandalone target not found
Refreshing native plugins compatible for Editor in 1.96 ms, found 4 plugins.
Preloading 0 native plugins for Editor in 0.00 ms.
Mono: successfully reloaded assembly
- Completed reload, in  2.760 seconds
Domain Reload Profiling:
	ReloadAssembly (2762ms)
		BeginReloadAssembly (282ms)
			ExecutionOrderSort (0ms)
			DisableScriptedObjects (15ms)
			BackupInstance (0ms)
			ReleaseScriptingObjects (0ms)
			CreateAndSetChildDomain (88ms)
		EndReloadAssembly (2236ms)
			LoadAssemblies (179ms)
			RebuildTransferFunctionScriptingTraits (0ms)
			SetupTypeCache (594ms)
			ReleaseScriptCaches (3ms)
			RebuildScriptCaches (102ms)
			SetupLoadedEditorAssemblies (1057ms)
				LogAssemblyErrors (0ms)
				InitializePlatformSupportModulesInManaged (30ms)
				SetLoadedEditorAssemblies (1ms)
				RefreshPlugins (2ms)
				BeforeProcessingInitializeOnLoad (192ms)
				ProcessInitializeOnLoadAttributes (715ms)
				ProcessInitializeOnLoadMethodAttributes (95ms)
				AfterProcessingInitializeOnLoad (22ms)
				EditorAssembliesLoaded (0ms)
			ExecutionOrderSort2 (0ms)
			AwakeInstancesAfterBackupRestoration (28ms)
Platform modules already initialized, skipping
Refreshing native plugins compatible for Editor in 1.45 ms, found 4 plugins.
Preloading 0 native plugins for Editor in 0.00 ms.
Unloading 3892 Unused Serialized files (Serialized files now loaded: 0)
Unloading 26 unused Assets / (24.6 KB). Loaded Objects now: 4371.
Memory consumption went from 150.1 MB to 150.1 MB.
Total: 8.239600 ms (FindLiveObjects: 0.580500 ms CreateObjectMapping: 0.470700 ms MarkObjects: 7.127900 ms  DeleteObjects: 0.057400 ms)

AssetImportParameters requested are different than current active one (requested -> active):
  custom:video-decoder-ogg-theora: a1e56fd34408186e4bbccfd4996cb3dc -> 
  custom:container-muxer-webm: aa71ff27fc2769a1b78a27578f13a17b -> 
  custom:container-demuxer-webm: 4f35f7cbe854078d1ac9338744f61a02 -> 
  custom:video-encoder-webm-vp8: eb34c28f22e8b96e1ab97ce403110664 -> 
  custom:video-codec-MediaFoundation-h265: 746d11721c4dcdbdad8f713fa42b33f4 -> 
  custom:audio-encoder-webm-vorbis: bf7c407c2cedff20999df2af8eb42d56 -> 
  custom:framework-win-MediaFoundation: 216162199b28c13a410421893ffa2e32 -> 
  custom:container-demuxer-ogg: 62fdf1f143b41e24485cea50d1cbac27 -> 
  custom:video-decoder-webm-vp8: 9c59270c3fd7afecdb556c50c9e8de78 -> 
  custom:audio-decoder-ogg-vorbis: bf7c407c2cedff20999df2af8eb42d56 -> 
========================================================================
Received Prepare
Registering precompiled user dll's ...
Registered in 0.022276 seconds.
Begin MonoManager ReloadAssembly
Symbol file LoadedFromMemory doesn't match image C:\Users\DI Paul Krenmayr\OneDrive - HTBLA Leonding\Schule\SYP\SYP-Blank-\DungeonGame\Library\PackageCache\com.unity.visualscripting@1.7.5\Editor\VisualScripting.Core\Dependencies\YamlDotNet\Unity.VisualScripting.YamlDotNet.dll
Symbol file LoadedFromMemory doesn't match image C:\Users\DI Paul Krenmayr\OneDrive - HTBLA Leonding\Schule\SYP\SYP-Blank-\DungeonGame\Library\PackageCache\com.unity.visualscripting@1.7.5\Editor\VisualScripting.Core\Dependencies\DotNetZip\Unity.VisualScripting.IonicZip.dll
Native extension for WindowsStandalone target not found
Refreshing native plugins compatible for Editor in 2.30 ms, found 4 plugins.
Preloading 0 native plugins for Editor in 0.00 ms.
Mono: successfully reloaded assembly
- Completed reload, in  3.211 seconds
Domain Reload Profiling:
	ReloadAssembly (3213ms)
		BeginReloadAssembly (359ms)
			ExecutionOrderSort (0ms)
			DisableScriptedObjects (33ms)
			BackupInstance (0ms)
			ReleaseScriptingObjects (0ms)
			CreateAndSetChildDomain (115ms)
		EndReloadAssembly (2574ms)
			LoadAssemblies (224ms)
			RebuildTransferFunctionScriptingTraits (0ms)
			SetupTypeCache (585ms)
			ReleaseScriptCaches (4ms)
			RebuildScriptCaches (125ms)
			SetupLoadedEditorAssemblies (1327ms)
				LogAssemblyErrors (0ms)
				InitializePlatformSupportModulesInManaged (33ms)
				SetLoadedEditorAssemblies (1ms)
				RefreshPlugins (2ms)
				BeforeProcessingInitializeOnLoad (204ms)
				ProcessInitializeOnLoadAttributes (968ms)
				ProcessInitializeOnLoadMethodAttributes (97ms)
				AfterProcessingInitializeOnLoad (22ms)
				EditorAssembliesLoaded (0ms)
			ExecutionOrderSort2 (0ms)
			AwakeInstancesAfterBackupRestoration (29ms)
Platform modules already initialized, skipping
Refreshing native plugins compatible for Editor in 2.53 ms, found 4 plugins.
Preloading 0 native plugins for Editor in 0.00 ms.
Unloading 3892 Unused Serialized files (Serialized files now loaded: 0)
Unloading 26 unused Assets / (24.6 KB). Loaded Objects now: 4373.
Memory consumption went from 150.1 MB to 150.1 MB.
Total: 25.189700 ms (FindLiveObjects: 1.052600 ms CreateObjectMapping: 0.383900 ms MarkObjects: 23.632900 ms  DeleteObjects: 0.117000 ms)

AssetImportParameters requested are different than current active one (requested -> active):
  custom:video-decoder-ogg-theora: a1e56fd34408186e4bbccfd4996cb3dc -> 
  custom:container-muxer-webm: aa71ff27fc2769a1b78a27578f13a17b -> 
  custom:container-demuxer-webm: 4f35f7cbe854078d1ac9338744f61a02 -> 
  custom:video-encoder-webm-vp8: eb34c28f22e8b96e1ab97ce403110664 -> 
  custom:video-codec-MediaFoundation-h265: 746d11721c4dcdbdad8f713fa42b33f4 -> 
  custom:audio-encoder-webm-vorbis: bf7c407c2cedff20999df2af8eb42d56 -> 
  custom:framework-win-MediaFoundation: 216162199b28c13a410421893ffa2e32 -> 
  custom:container-demuxer-ogg: 62fdf1f143b41e24485cea50d1cbac27 -> 
  custom:video-decoder-webm-vp8: 9c59270c3fd7afecdb556c50c9e8de78 -> 
  custom:audio-decoder-ogg-vorbis: bf7c407c2cedff20999df2af8eb42d56 -> 
========================================================================
Received Prepare
Registering precompiled user dll's ...
Registered in 0.018582 seconds.
Begin MonoManager ReloadAssembly
Symbol file LoadedFromMemory doesn't match image C:\Users\DI Paul Krenmayr\OneDrive - HTBLA Leonding\Schule\SYP\SYP-Blank-\DungeonGame\Library\PackageCache\com.unity.visualscripting@1.7.5\Editor\VisualScripting.Core\Dependencies\YamlDotNet\Unity.VisualScripting.YamlDotNet.dll
Symbol file LoadedFromMemory doesn't match image C:\Users\DI Paul Krenmayr\OneDrive - HTBLA Leonding\Schule\SYP\SYP-Blank-\DungeonGame\Library\PackageCache\com.unity.visualscripting@1.7.5\Editor\VisualScripting.Core\Dependencies\DotNetZip\Unity.VisualScripting.IonicZip.dll
Native extension for WindowsStandalone target not found
Refreshing native plugins compatible for Editor in 1.49 ms, found 4 plugins.
Preloading 0 native plugins for Editor in 0.00 ms.
Mono: successfully reloaded assembly
- Completed reload, in  2.598 seconds
Domain Reload Profiling:
	ReloadAssembly (2600ms)
		BeginReloadAssembly (252ms)
			ExecutionOrderSort (0ms)
			DisableScriptedObjects (17ms)
			BackupInstance (0ms)
			ReleaseScriptingObjects (0ms)
			CreateAndSetChildDomain (68ms)
		EndReloadAssembly (2122ms)
			LoadAssemblies (179ms)
			RebuildTransferFunctionScriptingTraits (0ms)
			SetupTypeCache (518ms)
			ReleaseScriptCaches (2ms)
			RebuildScriptCaches (99ms)
			SetupLoadedEditorAssemblies (1073ms)
				LogAssemblyErrors (0ms)
				InitializePlatformSupportModulesInManaged (28ms)
				SetLoadedEditorAssemblies (1ms)
				RefreshPlugins (2ms)
				BeforeProcessingInitializeOnLoad (165ms)
				ProcessInitializeOnLoadAttributes (789ms)
				ProcessInitializeOnLoadMethodAttributes (70ms)
				AfterProcessingInitializeOnLoad (18ms)
				EditorAssembliesLoaded (0ms)
			ExecutionOrderSort2 (0ms)
			AwakeInstancesAfterBackupRestoration (20ms)
Platform modules already initialized, skipping
Refreshing native plugins compatible for Editor in 1.67 ms, found 4 plugins.
Preloading 0 native plugins for Editor in 0.00 ms.
Unloading 3892 Unused Serialized files (Serialized files now loaded: 0)
Unloading 26 unused Assets / (24.6 KB). Loaded Objects now: 4375.
Memory consumption went from 150.1 MB to 150.1 MB.
Total: 8.134500 ms (FindLiveObjects: 0.691500 ms CreateObjectMapping: 0.356200 ms MarkObjects: 7.037000 ms  DeleteObjects: 0.046400 ms)

AssetImportParameters requested are different than current active one (requested -> active):
  custom:video-decoder-ogg-theora: a1e56fd34408186e4bbccfd4996cb3dc -> 
  custom:container-muxer-webm: aa71ff27fc2769a1b78a27578f13a17b -> 
  custom:container-demuxer-webm: 4f35f7cbe854078d1ac9338744f61a02 -> 
  custom:video-encoder-webm-vp8: eb34c28f22e8b96e1ab97ce403110664 -> 
  custom:video-codec-MediaFoundation-h265: 746d11721c4dcdbdad8f713fa42b33f4 -> 
  custom:audio-encoder-webm-vorbis: bf7c407c2cedff20999df2af8eb42d56 -> 
  custom:framework-win-MediaFoundation: 216162199b28c13a410421893ffa2e32 -> 
  custom:container-demuxer-ogg: 62fdf1f143b41e24485cea50d1cbac27 -> 
  custom:video-decoder-webm-vp8: 9c59270c3fd7afecdb556c50c9e8de78 -> 
  custom:audio-decoder-ogg-vorbis: bf7c407c2cedff20999df2af8eb42d56 -> 
========================================================================
Received Prepare
Registering precompiled user dll's ...
Registered in 0.021940 seconds.
Begin MonoManager ReloadAssembly
Symbol file LoadedFromMemory doesn't match image C:\Users\DI Paul Krenmayr\OneDrive - HTBLA Leonding\Schule\SYP\SYP-Blank-\DungeonGame\Library\PackageCache\com.unity.visualscripting@1.7.5\Editor\VisualScripting.Core\Dependencies\YamlDotNet\Unity.VisualScripting.YamlDotNet.dll
Symbol file LoadedFromMemory doesn't match image C:\Users\DI Paul Krenmayr\OneDrive - HTBLA Leonding\Schule\SYP\SYP-Blank-\DungeonGame\Library\PackageCache\com.unity.visualscripting@1.7.5\Editor\VisualScripting.Core\Dependencies\DotNetZip\Unity.VisualScripting.IonicZip.dll
Native extension for WindowsStandalone target not found
Refreshing native plugins compatible for Editor in 1.60 ms, found 4 plugins.
Preloading 0 native plugins for Editor in 0.00 ms.
Mono: successfully reloaded assembly
- Completed reload, in  2.744 seconds
Domain Reload Profiling:
	ReloadAssembly (2746ms)
		BeginReloadAssembly (284ms)
			ExecutionOrderSort (0ms)
			DisableScriptedObjects (17ms)
			BackupInstance (0ms)
			ReleaseScriptingObjects (0ms)
			CreateAndSetChildDomain (74ms)
		EndReloadAssembly (2208ms)
			LoadAssemblies (208ms)
			RebuildTransferFunctionScriptingTraits (0ms)
			SetupTypeCache (552ms)
			ReleaseScriptCaches (3ms)
			RebuildScriptCaches (101ms)
			SetupLoadedEditorAssemblies (1087ms)
				LogAssemblyErrors (0ms)
				InitializePlatformSupportModulesInManaged (29ms)
				SetLoadedEditorAssemblies (3ms)
				RefreshPlugins (2ms)
				BeforeProcessingInitializeOnLoad (183ms)
				ProcessInitializeOnLoadAttributes (764ms)
				ProcessInitializeOnLoadMethodAttributes (83ms)
				AfterProcessingInitializeOnLoad (23ms)
				EditorAssembliesLoaded (1ms)
			ExecutionOrderSort2 (0ms)
			AwakeInstancesAfterBackupRestoration (23ms)
Platform modules already initialized, skipping
Refreshing native plugins compatible for Editor in 1.45 ms, found 4 plugins.
Preloading 0 native plugins for Editor in 0.00 ms.
Unloading 3892 Unused Serialized files (Serialized files now loaded: 0)
Unloading 26 unused Assets / (24.6 KB). Loaded Objects now: 4377.
Memory consumption went from 150.1 MB to 150.1 MB.
Total: 9.259300 ms (FindLiveObjects: 0.717400 ms CreateObjectMapping: 0.398200 ms MarkObjects: 8.085500 ms  DeleteObjects: 0.054700 ms)

AssetImportParameters requested are different than current active one (requested -> active):
  custom:video-decoder-ogg-theora: a1e56fd34408186e4bbccfd4996cb3dc -> 
  custom:container-muxer-webm: aa71ff27fc2769a1b78a27578f13a17b -> 
  custom:container-demuxer-webm: 4f35f7cbe854078d1ac9338744f61a02 -> 
  custom:video-encoder-webm-vp8: eb34c28f22e8b96e1ab97ce403110664 -> 
  custom:video-codec-MediaFoundation-h265: 746d11721c4dcdbdad8f713fa42b33f4 -> 
  custom:audio-encoder-webm-vorbis: bf7c407c2cedff20999df2af8eb42d56 -> 
  custom:framework-win-MediaFoundation: 216162199b28c13a410421893ffa2e32 -> 
  custom:container-demuxer-ogg: 62fdf1f143b41e24485cea50d1cbac27 -> 
  custom:video-decoder-webm-vp8: 9c59270c3fd7afecdb556c50c9e8de78 -> 
  custom:audio-decoder-ogg-vorbis: bf7c407c2cedff20999df2af8eb42d56 -> 
========================================================================
Received Prepare
Registering precompiled user dll's ...
Registered in 0.020872 seconds.
Begin MonoManager ReloadAssembly
Symbol file LoadedFromMemory doesn't match image C:\Users\DI Paul Krenmayr\OneDrive - HTBLA Leonding\Schule\SYP\SYP-Blank-\DungeonGame\Library\PackageCache\com.unity.visualscripting@1.7.5\Editor\VisualScripting.Core\Dependencies\YamlDotNet\Unity.VisualScripting.YamlDotNet.dll
Symbol file LoadedFromMemory doesn't match image C:\Users\DI Paul Krenmayr\OneDrive - HTBLA Leonding\Schule\SYP\SYP-Blank-\DungeonGame\Library\PackageCache\com.unity.visualscripting@1.7.5\Editor\VisualScripting.Core\Dependencies\DotNetZip\Unity.VisualScripting.IonicZip.dll
Native extension for WindowsStandalone target not found
Refreshing native plugins compatible for Editor in 3.38 ms, found 4 plugins.
Preloading 0 native plugins for Editor in 0.00 ms.
Mono: successfully reloaded assembly
- Completed reload, in  3.328 seconds
Domain Reload Profiling:
	ReloadAssembly (3330ms)
		BeginReloadAssembly (337ms)
			ExecutionOrderSort (0ms)
			DisableScriptedObjects (20ms)
			BackupInstance (0ms)
			ReleaseScriptingObjects (0ms)
			CreateAndSetChildDomain (97ms)
		EndReloadAssembly (2621ms)
			LoadAssemblies (256ms)
			RebuildTransferFunctionScriptingTraits (0ms)
			SetupTypeCache (609ms)
			ReleaseScriptCaches (3ms)
			RebuildScriptCaches (130ms)
			SetupLoadedEditorAssemblies (1300ms)
				LogAssemblyErrors (0ms)
				InitializePlatformSupportModulesInManaged (35ms)
				SetLoadedEditorAssemblies (1ms)
				RefreshPlugins (4ms)
				BeforeProcessingInitializeOnLoad (205ms)
				ProcessInitializeOnLoadAttributes (934ms)
				ProcessInitializeOnLoadMethodAttributes (102ms)
				AfterProcessingInitializeOnLoad (19ms)
				EditorAssembliesLoaded (1ms)
			ExecutionOrderSort2 (0ms)
			AwakeInstancesAfterBackupRestoration (26ms)
Platform modules already initialized, skipping
Refreshing native plugins compatible for Editor in 1.70 ms, found 4 plugins.
Preloading 0 native plugins for Editor in 0.00 ms.
Unloading 3892 Unused Serialized files (Serialized files now loaded: 0)
Unloading 26 unused Assets / (24.6 KB). Loaded Objects now: 4379.
Memory consumption went from 150.1 MB to 150.1 MB.
Total: 9.112700 ms (FindLiveObjects: 0.579800 ms CreateObjectMapping: 0.340900 ms MarkObjects: 8.131300 ms  DeleteObjects: 0.058200 ms)

AssetImportParameters requested are different than current active one (requested -> active):
  custom:video-decoder-ogg-theora: a1e56fd34408186e4bbccfd4996cb3dc -> 
  custom:container-muxer-webm: aa71ff27fc2769a1b78a27578f13a17b -> 
  custom:container-demuxer-webm: 4f35f7cbe854078d1ac9338744f61a02 -> 
  custom:video-encoder-webm-vp8: eb34c28f22e8b96e1ab97ce403110664 -> 
  custom:video-codec-MediaFoundation-h265: 746d11721c4dcdbdad8f713fa42b33f4 -> 
  custom:audio-encoder-webm-vorbis: bf7c407c2cedff20999df2af8eb42d56 -> 
  custom:framework-win-MediaFoundation: 216162199b28c13a410421893ffa2e32 -> 
  custom:container-demuxer-ogg: 62fdf1f143b41e24485cea50d1cbac27 -> 
  custom:video-decoder-webm-vp8: 9c59270c3fd7afecdb556c50c9e8de78 -> 
  custom:audio-decoder-ogg-vorbis: bf7c407c2cedff20999df2af8eb42d56 -> 
========================================================================
Received Prepare
Registering precompiled user dll's ...
Registered in 0.019152 seconds.
Begin MonoManager ReloadAssembly
Symbol file LoadedFromMemory doesn't match image C:\Users\DI Paul Krenmayr\OneDrive - HTBLA Leonding\Schule\SYP\SYP-Blank-\DungeonGame\Library\PackageCache\com.unity.visualscripting@1.7.5\Editor\VisualScripting.Core\Dependencies\YamlDotNet\Unity.VisualScripting.YamlDotNet.dll
Symbol file LoadedFromMemory doesn't match image C:\Users\DI Paul Krenmayr\OneDrive - HTBLA Leonding\Schule\SYP\SYP-Blank-\DungeonGame\Library\PackageCache\com.unity.visualscripting@1.7.5\Editor\VisualScripting.Core\Dependencies\DotNetZip\Unity.VisualScripting.IonicZip.dll
Native extension for WindowsStandalone target not found
Refreshing native plugins compatible for Editor in 1.90 ms, found 4 plugins.
Preloading 0 native plugins for Editor in 0.00 ms.
Mono: successfully reloaded assembly
- Completed reload, in  3.172 seconds
Domain Reload Profiling:
	ReloadAssembly (3174ms)
		BeginReloadAssembly (326ms)
			ExecutionOrderSort (0ms)
			DisableScriptedObjects (15ms)
			BackupInstance (0ms)
			ReleaseScriptingObjects (0ms)
			CreateAndSetChildDomain (84ms)
		EndReloadAssembly (2548ms)
			LoadAssemblies (229ms)
			RebuildTransferFunctionScriptingTraits (0ms)
			SetupTypeCache (639ms)
			ReleaseScriptCaches (4ms)
			RebuildScriptCaches (123ms)
			SetupLoadedEditorAssemblies (1263ms)
				LogAssemblyErrors (0ms)
				InitializePlatformSupportModulesInManaged (37ms)
				SetLoadedEditorAssemblies (1ms)
				RefreshPlugins (2ms)
				BeforeProcessingInitializeOnLoad (208ms)
				ProcessInitializeOnLoadAttributes (902ms)
				ProcessInitializeOnLoadMethodAttributes (91ms)
				AfterProcessingInitializeOnLoad (21ms)
				EditorAssembliesLoaded (0ms)
			ExecutionOrderSort2 (0ms)
			AwakeInstancesAfterBackupRestoration (30ms)
Platform modules already initialized, skipping
Refreshing native plugins compatible for Editor in 1.84 ms, found 4 plugins.
Preloading 0 native plugins for Editor in 0.00 ms.
Unloading 3892 Unused Serialized files (Serialized files now loaded: 0)
Unloading 26 unused Assets / (24.6 KB). Loaded Objects now: 4381.
Memory consumption went from 150.1 MB to 150.1 MB.
Total: 9.035900 ms (FindLiveObjects: 0.714600 ms CreateObjectMapping: 0.446200 ms MarkObjects: 7.810900 ms  DeleteObjects: 0.060100 ms)

AssetImportParameters requested are different than current active one (requested -> active):
  custom:video-decoder-ogg-theora: a1e56fd34408186e4bbccfd4996cb3dc -> 
  custom:container-muxer-webm: aa71ff27fc2769a1b78a27578f13a17b -> 
  custom:container-demuxer-webm: 4f35f7cbe854078d1ac9338744f61a02 -> 
  custom:video-encoder-webm-vp8: eb34c28f22e8b96e1ab97ce403110664 -> 
  custom:video-codec-MediaFoundation-h265: 746d11721c4dcdbdad8f713fa42b33f4 -> 
  custom:audio-encoder-webm-vorbis: bf7c407c2cedff20999df2af8eb42d56 -> 
  custom:framework-win-MediaFoundation: 216162199b28c13a410421893ffa2e32 -> 
  custom:container-demuxer-ogg: 62fdf1f143b41e24485cea50d1cbac27 -> 
  custom:video-decoder-webm-vp8: 9c59270c3fd7afecdb556c50c9e8de78 -> 
  custom:audio-decoder-ogg-vorbis: bf7c407c2cedff20999df2af8eb42d56 -> 
========================================================================
Received Import Request.
  Time since last request: 935.987219 seconds.
  path: Assets/Texture/TilePaletteSprites/mk_16_16_nature_tileset_0.asset
  artifactKey: Guid(86c8260a735bb9f49940886118029fff) Importer(815301076,1909f56bfc062723c751e8b465ee728b)
Start importing Assets/Texture/TilePaletteSprites/mk_16_16_nature_tileset_0.asset using Guid(86c8260a735bb9f49940886118029fff) Importer(815301076,1909f56bfc062723c751e8b465ee728b)  -> (artifact id: 'acde2637dac570be51ca32403daf48e8') in 0.241079 seconds 
========================================================================
Received Import Request.
  Time since last request: 0.004006 seconds.
  path: Assets/Texture/TilePaletteSprites/mk_16_16_nature_tileset_10.asset
  artifactKey: Guid(832c80d11996bd84da6e3241dddb7f38) Importer(815301076,1909f56bfc062723c751e8b465ee728b)
Start importing Assets/Texture/TilePaletteSprites/mk_16_16_nature_tileset_10.asset using Guid(832c80d11996bd84da6e3241dddb7f38) Importer(815301076,1909f56bfc062723c751e8b465ee728b)  -> (artifact id: '80946df37475b0aad12d0e7be12a28df') in 0.077736 seconds 
========================================================================
Received Import Request.
  Time since last request: 0.000053 seconds.
  path: Assets/Texture/TilePaletteSprites/mk_16_16_nature_tileset_2.asset
  artifactKey: Guid(7f6c55479ad395449b80e22f645d175a) Importer(815301076,1909f56bfc062723c751e8b465ee728b)
Start importing Assets/Texture/TilePaletteSprites/mk_16_16_nature_tileset_2.asset using Guid(7f6c55479ad395449b80e22f645d175a) Importer(815301076,1909f56bfc062723c751e8b465ee728b)  -> (artifact id: '0f4d3c8c4428c27370fc124a190b05e2') in 0.076408 seconds 
========================================================================
Received Import Request.
  Time since last request: 0.000038 seconds.
  path: Assets/Texture/TilePaletteSprites/mk_16_16_nature_tileset_6.asset
  artifactKey: Guid(d3c4a64f0756b7f48bad81eea0767f2a) Importer(815301076,1909f56bfc062723c751e8b465ee728b)
Start importing Assets/Texture/TilePaletteSprites/mk_16_16_nature_tileset_6.asset using Guid(d3c4a64f0756b7f48bad81eea0767f2a) Importer(815301076,1909f56bfc062723c751e8b465ee728b)  -> (artifact id: 'e97a56f5beafae0875cde9846a451991') in 0.074064 seconds 
========================================================================
Received Import Request.
  Time since last request: 0.000549 seconds.
  path: Assets/Texture/TilePaletteSprites/mk_16_16_nature_tileset_17.asset
  artifactKey: Guid(282b73e32a71f2d4c9064c9fc20d0f03) Importer(815301076,1909f56bfc062723c751e8b465ee728b)
Start importing Assets/Texture/TilePaletteSprites/mk_16_16_nature_tileset_17.asset using Guid(282b73e32a71f2d4c9064c9fc20d0f03) Importer(815301076,1909f56bfc062723c751e8b465ee728b)  -> (artifact id: 'f56730729f1e9b763878cab1c7142880') in 0.097480 seconds 
========================================================================
Received Import Request.
  Time since last request: 0.000048 seconds.
  path: Assets/Texture/TilePaletteSprites/mk_16_16_nature_tileset_5.asset
  artifactKey: Guid(d55e0300cad804d4da3804bc158f56be) Importer(815301076,1909f56bfc062723c751e8b465ee728b)
Start importing Assets/Texture/TilePaletteSprites/mk_16_16_nature_tileset_5.asset using Guid(d55e0300cad804d4da3804bc158f56be) Importer(815301076,1909f56bfc062723c751e8b465ee728b)  -> (artifact id: '63f4696ad95cbd949469042bb183f621') in 0.051662 seconds 
========================================================================
Received Import Request.
  Time since last request: 0.000071 seconds.
  path: Assets/Texture/TilePaletteSprites/mk_16_16_nature_tileset_16.asset
  artifactKey: Guid(6ea8c65da1089bb468e93f93c5b9d4a3) Importer(815301076,1909f56bfc062723c751e8b465ee728b)
Start importing Assets/Texture/TilePaletteSprites/mk_16_16_nature_tileset_16.asset using Guid(6ea8c65da1089bb468e93f93c5b9d4a3) Importer(815301076,1909f56bfc062723c751e8b465ee728b)  -> (artifact id: 'd25e6f5c708f94846052568cd1a8bdca') in 0.071360 seconds 
========================================================================
Received Import Request.
  Time since last request: 0.000046 seconds.
  path: Assets/Texture/TilePaletteSprites/mk_16_16_nature_tileset_7.asset
  artifactKey: Guid(058cf0b4f8ddd104d81e7400c7321e15) Importer(815301076,1909f56bfc062723c751e8b465ee728b)
Start importing Assets/Texture/TilePaletteSprites/mk_16_16_nature_tileset_7.asset using Guid(058cf0b4f8ddd104d81e7400c7321e15) Importer(815301076,1909f56bfc062723c751e8b465ee728b)  -> (artifact id: '5c6e4b4ce5f460c14d05a92d8345d341') in 0.058691 seconds 
========================================================================
Received Import Request.
  Time since last request: 0.000056 seconds.
  path: Assets/Texture/TilePaletteSprites/mk_16_16_nature_tileset_12.asset
  artifactKey: Guid(b51410e62e3619049907339cc8225805) Importer(815301076,1909f56bfc062723c751e8b465ee728b)
Start importing Assets/Texture/TilePaletteSprites/mk_16_16_nature_tileset_12.asset using Guid(b51410e62e3619049907339cc8225805) Importer(815301076,1909f56bfc062723c751e8b465ee728b)  -> (artifact id: '55881bd5f4317090e5f23518af2cd04a') in 0.056486 seconds 
========================================================================
Received Import Request.
  Time since last request: 0.000046 seconds.
  path: Assets/Texture/TilePaletteSprites/mk_16_16_nature_tileset_15.asset
  artifactKey: Guid(19232cc17bc793c49bd88541ec155523) Importer(815301076,1909f56bfc062723c751e8b465ee728b)
Start importing Assets/Texture/TilePaletteSprites/mk_16_16_nature_tileset_15.asset using Guid(19232cc17bc793c49bd88541ec155523) Importer(815301076,1909f56bfc062723c751e8b465ee728b)  -> (artifact id: '8b9816d8d1281d7f1fc56f07eb5a0124') in 0.059281 seconds 
========================================================================
Received Import Request.
  Time since last request: 0.275046 seconds.
  path: Assets/Texture/TilePaletteSprites/mk_16_16_nature_tileset_22.asset
  artifactKey: Guid(b78c46ca01780f54fa0137287f7da486) Importer(815301076,1909f56bfc062723c751e8b465ee728b)
Start importing Assets/Texture/TilePaletteSprites/mk_16_16_nature_tileset_22.asset using Guid(b78c46ca01780f54fa0137287f7da486) Importer(815301076,1909f56bfc062723c751e8b465ee728b)  -> (artifact id: '3eeaad62de56b41cdb1b351d927e3275') in 0.084634 seconds 
========================================================================
Received Import Request.
  Time since last request: 0.000038 seconds.
  path: Assets/Texture/TilePaletteSprites/mk_16_16_nature_tileset_24.asset
  artifactKey: Guid(f312f7cc9061f504fbe7d6240d46cdbe) Importer(815301076,1909f56bfc062723c751e8b465ee728b)
Start importing Assets/Texture/TilePaletteSprites/mk_16_16_nature_tileset_24.asset using Guid(f312f7cc9061f504fbe7d6240d46cdbe) Importer(815301076,1909f56bfc062723c751e8b465ee728b)  -> (artifact id: '41a07db29eb2aff58e16b9ce6777a037') in 0.092705 seconds 
========================================================================
Received Import Request.
  Time since last request: 0.167328 seconds.
  path: Assets/Texture/TilePaletteSprites/mk_16_16_nature_tileset_26.asset
  artifactKey: Guid(21e31316ede34084582c12e31941ddd3) Importer(815301076,1909f56bfc062723c751e8b465ee728b)
Start importing Assets/Texture/TilePaletteSprites/mk_16_16_nature_tileset_26.asset using Guid(21e31316ede34084582c12e31941ddd3) Importer(815301076,1909f56bfc062723c751e8b465ee728b)  -> (artifact id: '649f7bc65d445bfc33121066cde670d3') in 0.108920 seconds 
========================================================================
Received Import Request.
  Time since last request: 0.000044 seconds.
  path: Assets/Texture/TilePaletteSprites/mk_16_16_nature_tileset_32.asset
  artifactKey: Guid(0ad3b49ed06ad3b43924c447afb3032a) Importer(815301076,1909f56bfc062723c751e8b465ee728b)
Start importing Assets/Texture/TilePaletteSprites/mk_16_16_nature_tileset_32.asset using Guid(0ad3b49ed06ad3b43924c447afb3032a) Importer(815301076,1909f56bfc062723c751e8b465ee728b)  -> (artifact id: 'dfe06000fe480cb5bd8dfc4fd49d445d') in 0.065956 seconds 
========================================================================
Received Import Request.
  Time since last request: 0.000054 seconds.
  path: Assets/Texture/TilePaletteSprites/mk_16_16_nature_tileset_27.asset
  artifactKey: Guid(ad1e6e0f670cbfd40a541b4709db6d9c) Importer(815301076,1909f56bfc062723c751e8b465ee728b)
Start importing Assets/Texture/TilePaletteSprites/mk_16_16_nature_tileset_27.asset using Guid(ad1e6e0f670cbfd40a541b4709db6d9c) Importer(815301076,1909f56bfc062723c751e8b465ee728b)  -> (artifact id: 'e3900888739fc64e31830a058b5d191c') in 0.063956 seconds 
========================================================================
Received Import Request.
  Time since last request: 0.000038 seconds.
  path: Assets/Texture/TilePaletteSprites/mk_16_16_nature_tileset_29.asset
  artifactKey: Guid(d67b3bb62b523c04e8714939b1d67119) Importer(815301076,1909f56bfc062723c751e8b465ee728b)
Start importing Assets/Texture/TilePaletteSprites/mk_16_16_nature_tileset_29.asset using Guid(d67b3bb62b523c04e8714939b1d67119) Importer(815301076,1909f56bfc062723c751e8b465ee728b)  -> (artifact id: '18b7a96834d1cec9c0825137d5fb601c') in 0.058738 seconds 
========================================================================
Received Import Request.
  Time since last request: 0.003021 seconds.
  path: Assets/Texture/TilePaletteSprites/mk_16_16_nature_tileset_34.asset
  artifactKey: Guid(b80e93e63e3676c44b578c549df2adfc) Importer(815301076,1909f56bfc062723c751e8b465ee728b)
Start importing Assets/Texture/TilePaletteSprites/mk_16_16_nature_tileset_34.asset using Guid(b80e93e63e3676c44b578c549df2adfc) Importer(815301076,1909f56bfc062723c751e8b465ee728b)  -> (artifact id: '635f80bfb31df46ea446c8e866cc8c77') in 0.057240 seconds 
========================================================================
Received Import Request.
  Time since last request: 0.000046 seconds.
  path: Assets/Texture/TilePaletteSprites/mk_16_16_nature_tileset_41.asset
  artifactKey: Guid(376b0c5262b08d944b8b19888045f2f6) Importer(815301076,1909f56bfc062723c751e8b465ee728b)
Start importing Assets/Texture/TilePaletteSprites/mk_16_16_nature_tileset_41.asset using Guid(376b0c5262b08d944b8b19888045f2f6) Importer(815301076,1909f56bfc062723c751e8b465ee728b)  -> (artifact id: '30dedf52e3baf04c5f20bd6d890389d3') in 0.065922 seconds 
========================================================================
Received Import Request.
  Time since last request: 0.000053 seconds.
  path: Assets/Texture/TilePaletteSprites/mk_16_16_nature_tileset_45.asset
  artifactKey: Guid(cdb3211fe340c834d8fdc54aef58dd66) Importer(815301076,1909f56bfc062723c751e8b465ee728b)
Start importing Assets/Texture/TilePaletteSprites/mk_16_16_nature_tileset_45.asset using Guid(cdb3211fe340c834d8fdc54aef58dd66) Importer(815301076,1909f56bfc062723c751e8b465ee728b)  -> (artifact id: '2aff9002ef96a900e86aaefc81adc42d') in 0.073547 seconds 
========================================================================
Received Import Request.
  Time since last request: 0.000210 seconds.
  path: Assets/Texture/TilePaletteSprites/mk_16_16_nature_tileset_42.asset
  artifactKey: Guid(2a55460ec22402f4cb06fe1adc3a8af9) Importer(815301076,1909f56bfc062723c751e8b465ee728b)
Start importing Assets/Texture/TilePaletteSprites/mk_16_16_nature_tileset_42.asset using Guid(2a55460ec22402f4cb06fe1adc3a8af9) Importer(815301076,1909f56bfc062723c751e8b465ee728b)  -> (artifact id: '280b3bf28732e3f8337d9346a3763b64') in 0.087111 seconds 
========================================================================
Received Import Request.
  Time since last request: 0.000571 seconds.
  path: Assets/Texture/TilePaletteSprites/mk_16_16_nature_tileset_50.asset
  artifactKey: Guid(e8953a436e5495e4295a5aef9e27069f) Importer(815301076,1909f56bfc062723c751e8b465ee728b)
Start importing Assets/Texture/TilePaletteSprites/mk_16_16_nature_tileset_50.asset using Guid(e8953a436e5495e4295a5aef9e27069f) Importer(815301076,1909f56bfc062723c751e8b465ee728b)  -> (artifact id: 'ea18a18379eacba9c012464edd6f468f') in 0.063307 seconds 
========================================================================
Received Import Request.
  Time since last request: 0.000036 seconds.
  path: Assets/Texture/TilePaletteSprites/mk_16_16_nature_tileset_38.asset
  artifactKey: Guid(92268e7b5cefd2148bece98ed64169a6) Importer(815301076,1909f56bfc062723c751e8b465ee728b)
Start importing Assets/Texture/TilePaletteSprites/mk_16_16_nature_tileset_38.asset using Guid(92268e7b5cefd2148bece98ed64169a6) Importer(815301076,1909f56bfc062723c751e8b465ee728b)  -> (artifact id: '548524bf9ddc85ca7269dc425b27d4c3') in 0.071176 seconds 
========================================================================
Received Import Request.
  Time since last request: 0.000032 seconds.
  path: Assets/Texture/TilePaletteSprites/mk_16_16_nature_tileset_51.asset
  artifactKey: Guid(ab230359bed2f7f45aa0ecb9184ad9be) Importer(815301076,1909f56bfc062723c751e8b465ee728b)
Start importing Assets/Texture/TilePaletteSprites/mk_16_16_nature_tileset_51.asset using Guid(ab230359bed2f7f45aa0ecb9184ad9be) Importer(815301076,1909f56bfc062723c751e8b465ee728b)  -> (artifact id: '686bd1fd258dd4e29c6dc5cda824f3eb') in 0.066223 seconds 
========================================================================
Received Import Request.
  Time since last request: 0.000140 seconds.
  path: Assets/Texture/TilePaletteSprites/mk_16_16_nature_tileset_46.asset
  artifactKey: Guid(c1a4c26385b5a7342989d0adc8e6cca5) Importer(815301076,1909f56bfc062723c751e8b465ee728b)
Start importing Assets/Texture/TilePaletteSprites/mk_16_16_nature_tileset_46.asset using Guid(c1a4c26385b5a7342989d0adc8e6cca5) Importer(815301076,1909f56bfc062723c751e8b465ee728b)  -> (artifact id: '74ea9ba77f0018c6eb4d5c3733fdd198') in 0.063174 seconds 
========================================================================
Received Import Request.
  Time since last request: 0.000050 seconds.
  path: Assets/Texture/TilePaletteSprites/mk_16_16_nature_tileset_36.asset
  artifactKey: Guid(4bf64ea6ec19057469b8dc8bab8ca83f) Importer(815301076,1909f56bfc062723c751e8b465ee728b)
Start importing Assets/Texture/TilePaletteSprites/mk_16_16_nature_tileset_36.asset using Guid(4bf64ea6ec19057469b8dc8bab8ca83f) Importer(815301076,1909f56bfc062723c751e8b465ee728b)  -> (artifact id: '9ba23315640324093c311239bdbc46d8') in 0.052451 seconds 
========================================================================
Received Import Request.
  Time since last request: 0.000043 seconds.
  path: Assets/Texture/TilePaletteSprites/mk_16_16_nature_tileset_43.asset
  artifactKey: Guid(878979acdcc6e8841a7c63a03881c666) Importer(815301076,1909f56bfc062723c751e8b465ee728b)
Start importing Assets/Texture/TilePaletteSprites/mk_16_16_nature_tileset_43.asset using Guid(878979acdcc6e8841a7c63a03881c666) Importer(815301076,1909f56bfc062723c751e8b465ee728b)  -> (artifact id: '9f99ff0ab0f6663e1734a5e6c35cdcd6') in 0.048303 seconds 
========================================================================
Received Import Request.
  Time since last request: 0.064231 seconds.
  path: Assets/Texture/TilePaletteSprites/mk_16_16_nature_tileset_54.asset
  artifactKey: Guid(87247b1813dc4dd4f899b8160badb34d) Importer(815301076,1909f56bfc062723c751e8b465ee728b)
Start importing Assets/Texture/TilePaletteSprites/mk_16_16_nature_tileset_54.asset using Guid(87247b1813dc4dd4f899b8160badb34d) Importer(815301076,1909f56bfc062723c751e8b465ee728b)  -> (artifact id: '8a0b46ec15461914ec526be9901edd1a') in 0.059179 seconds 
========================================================================
Received Import Request.
  Time since last request: 0.000049 seconds.
  path: Assets/Texture/TilePaletteSprites/mk_16_16_nature_tileset_56.asset
  artifactKey: Guid(07e4081ad280b0d4a856e6010c136a56) Importer(815301076,1909f56bfc062723c751e8b465ee728b)
Start importing Assets/Texture/TilePaletteSprites/mk_16_16_nature_tileset_56.asset using Guid(07e4081ad280b0d4a856e6010c136a56) Importer(815301076,1909f56bfc062723c751e8b465ee728b)  -> (artifact id: '035065b4b62f456421dbcb5056e3208b') in 0.067456 seconds 
========================================================================
Received Import Request.
  Time since last request: 0.000047 seconds.
  path: Assets/Texture/TilePaletteSprites/mk_16_16_nature_tileset_58.asset
  artifactKey: Guid(d68fe65706aad174a876cdcaa8882b34) Importer(815301076,1909f56bfc062723c751e8b465ee728b)
Start importing Assets/Texture/TilePaletteSprites/mk_16_16_nature_tileset_58.asset using Guid(d68fe65706aad174a876cdcaa8882b34) Importer(815301076,1909f56bfc062723c751e8b465ee728b)  -> (artifact id: '8274a6132f0456a6f8b5fbe465b53715') in 0.060464 seconds 
========================================================================
Received Import Request.
  Time since last request: 0.000039 seconds.
  path: Assets/Texture/TilePaletteSprites/mk_16_16_nature_tileset_60.asset
  artifactKey: Guid(e73293543967bfd4c9209d8aa1b96945) Importer(815301076,1909f56bfc062723c751e8b465ee728b)
Start importing Assets/Texture/TilePaletteSprites/mk_16_16_nature_tileset_60.asset using Guid(e73293543967bfd4c9209d8aa1b96945) Importer(815301076,1909f56bfc062723c751e8b465ee728b)  -> (artifact id: '576770b4bce00c1fbc2d64003a043017') in 0.088783 seconds 
========================================================================
Received Import Request.
  Time since last request: 0.098787 seconds.
  path: Assets/Texture/TilePaletteSprites/mk_16_16_nature_tileset_62.asset
  artifactKey: Guid(0164542978d7eb84e9c436a86b52e24b) Importer(815301076,1909f56bfc062723c751e8b465ee728b)
Start importing Assets/Texture/TilePaletteSprites/mk_16_16_nature_tileset_62.asset using Guid(0164542978d7eb84e9c436a86b52e24b) Importer(815301076,1909f56bfc062723c751e8b465ee728b)  -> (artifact id: '993a36fd91b345228305920fa2b766dd') in 0.072820 seconds 
========================================================================
Received Import Request.
  Time since last request: 0.000047 seconds.
  path: Assets/Texture/TilePaletteSprites/mk_16_16_nature_tileset_63.asset
  artifactKey: Guid(b893e2a811f7b654f803e4c0795a72f7) Importer(815301076,1909f56bfc062723c751e8b465ee728b)
Start importing Assets/Texture/TilePaletteSprites/mk_16_16_nature_tileset_63.asset using Guid(b893e2a811f7b654f803e4c0795a72f7) Importer(815301076,1909f56bfc062723c751e8b465ee728b)  -> (artifact id: '15b236539b1e116a1b56fa639498afcb') in 0.075230 seconds 
========================================================================
Received Import Request.
  Time since last request: 0.000051 seconds.
  path: Assets/Texture/TilePaletteSprites/mk_16_16_nature_tileset_68.asset
  artifactKey: Guid(bea689da3aa182b41904021001222a32) Importer(815301076,1909f56bfc062723c751e8b465ee728b)
Start importing Assets/Texture/TilePaletteSprites/mk_16_16_nature_tileset_68.asset using Guid(bea689da3aa182b41904021001222a32) Importer(815301076,1909f56bfc062723c751e8b465ee728b)  -> (artifact id: '0a487de297133a9412a309cfc2b0d1bd') in 0.081233 seconds 
========================================================================
Received Import Request.
  Time since last request: 0.000075 seconds.
  path: Assets/Texture/TilePaletteSprites/mk_16_16_nature_tileset_66.asset
  artifactKey: Guid(abbde351e067a234384b4e71978acc40) Importer(815301076,1909f56bfc062723c751e8b465ee728b)
Start importing Assets/Texture/TilePaletteSprites/mk_16_16_nature_tileset_66.asset using Guid(abbde351e067a234384b4e71978acc40) Importer(815301076,1909f56bfc062723c751e8b465ee728b)  -> (artifact id: '68de6f93289bef480e0c565a3c30b13c') in 0.068657 seconds 
========================================================================
Received Import Request.
  Time since last request: 0.042640 seconds.
  path: Assets/Texture/TilePaletteSprites/mk_16_16_nature_tileset_70.asset
  artifactKey: Guid(389558f557d0e774d814f66602c22296) Importer(815301076,1909f56bfc062723c751e8b465ee728b)
Start importing Assets/Texture/TilePaletteSprites/mk_16_16_nature_tileset_70.asset using Guid(389558f557d0e774d814f66602c22296) Importer(815301076,1909f56bfc062723c751e8b465ee728b)  -> (artifact id: 'c23e0b70cb0f05dd6cfb4f8db69e0703') in 0.069797 seconds 
========================================================================
Received Import Request.
  Time since last request: 0.001152 seconds.
  path: Assets/Texture/TilePaletteSprites/mk_16_16_nature_tileset_77.asset
  artifactKey: Guid(503ed2ed978089740adfb5bed18627b1) Importer(815301076,1909f56bfc062723c751e8b465ee728b)
Start importing Assets/Texture/TilePaletteSprites/mk_16_16_nature_tileset_77.asset using Guid(503ed2ed978089740adfb5bed18627b1) Importer(815301076,1909f56bfc062723c751e8b465ee728b)  -> (artifact id: 'aa376e25c96870b3475f302d38d1134c') in 0.077524 seconds 
========================================================================
Received Import Request.
  Time since last request: 0.011013 seconds.
  path: Assets/Texture/TilePaletteSprites/mk_16_16_nature_tileset_81.asset
  artifactKey: Guid(eb1d48341a67eaa4483c9632310839d9) Importer(815301076,1909f56bfc062723c751e8b465ee728b)
Start importing Assets/Texture/TilePaletteSprites/mk_16_16_nature_tileset_81.asset using Guid(eb1d48341a67eaa4483c9632310839d9) Importer(815301076,1909f56bfc062723c751e8b465ee728b)  -> (artifact id: '48206db0d267e47e89263f06a118ac01') in 0.060604 seconds 
========================================================================
Received Import Request.
  Time since last request: 0.000041 seconds.
  path: Assets/Texture/TilePaletteSprites/mk_16_16_nature_tileset_71.asset
  artifactKey: Guid(6c6bd659c04d4604abebaba04e886ec3) Importer(815301076,1909f56bfc062723c751e8b465ee728b)
Start importing Assets/Texture/TilePaletteSprites/mk_16_16_nature_tileset_71.asset using Guid(6c6bd659c04d4604abebaba04e886ec3) Importer(815301076,1909f56bfc062723c751e8b465ee728b)  -> (artifact id: '44eb17834d0876397b6d71373e863230') in 0.050328 seconds 
========================================================================
Received Import Request.
  Time since last request: 0.009851 seconds.
  path: Assets/Texture/TilePaletteSprites/mk_16_16_nature_tileset_78.asset
  artifactKey: Guid(1ba6c9355d3853f48a37e9173861cf49) Importer(815301076,1909f56bfc062723c751e8b465ee728b)
Start importing Assets/Texture/TilePaletteSprites/mk_16_16_nature_tileset_78.asset using Guid(1ba6c9355d3853f48a37e9173861cf49) Importer(815301076,1909f56bfc062723c751e8b465ee728b)  -> (artifact id: '59de01a0bbad4eb8652b580a8ed6683e') in 0.101422 seconds 
========================================================================
Received Import Request.
  Time since last request: 0.000043 seconds.
  path: Assets/Texture/TilePaletteSprites/mk_16_16_nature_tileset_83.asset
  artifactKey: Guid(f8ae1ba7c05ccda478ce21eeefaf606f) Importer(815301076,1909f56bfc062723c751e8b465ee728b)
Start importing Assets/Texture/TilePaletteSprites/mk_16_16_nature_tileset_83.asset using Guid(f8ae1ba7c05ccda478ce21eeefaf606f) Importer(815301076,1909f56bfc062723c751e8b465ee728b)  -> (artifact id: 'f877118670f7163380a8330283dbfa26') in 0.060343 seconds 
========================================================================
Received Import Request.
  Time since last request: 0.000047 seconds.
  path: Assets/Texture/TilePaletteSprites/mk_16_16_nature_tileset_76.asset
  artifactKey: Guid(45b03e3a0f14ed34d96fc5cac2c13ab9) Importer(815301076,1909f56bfc062723c751e8b465ee728b)
Start importing Assets/Texture/TilePaletteSprites/mk_16_16_nature_tileset_76.asset using Guid(45b03e3a0f14ed34d96fc5cac2c13ab9) Importer(815301076,1909f56bfc062723c751e8b465ee728b)  -> (artifact id: '82743481259d804ac578703d8e3debe7') in 0.068189 seconds 
========================================================================
Received Import Request.
  Time since last request: 0.000064 seconds.
  path: Assets/Texture/TilePaletteSprites/mk_16_16_nature_tileset_86.asset
  artifactKey: Guid(72c46021de0f98541aa38e23ac159e97) Importer(815301076,1909f56bfc062723c751e8b465ee728b)
Start importing Assets/Texture/TilePaletteSprites/mk_16_16_nature_tileset_86.asset using Guid(72c46021de0f98541aa38e23ac159e97) Importer(815301076,1909f56bfc062723c751e8b465ee728b)  -> (artifact id: '1ea5a2f2f1e149ced8196b802826ad1d') in 0.064288 seconds 
========================================================================
Received Import Request.
  Time since last request: 0.000066 seconds.
  path: Assets/Texture/TilePaletteSprites/mk_16_16_nature_tileset_88.asset
  artifactKey: Guid(dd2356340b1680a4eb3d828bcf51c004) Importer(815301076,1909f56bfc062723c751e8b465ee728b)
Start importing Assets/Texture/TilePaletteSprites/mk_16_16_nature_tileset_88.asset using Guid(dd2356340b1680a4eb3d828bcf51c004) Importer(815301076,1909f56bfc062723c751e8b465ee728b)  -> (artifact id: 'c7e90ba03c5eb15a8dd66e17bd834af7') in 0.064687 seconds 
========================================================================
Received Import Request.
  Time since last request: 0.065413 seconds.
  path: Assets/Texture/TilePaletteSprites/mk_16_16_nature_tileset_90.asset
  artifactKey: Guid(9604288f7612bf240b722181b0811746) Importer(815301076,1909f56bfc062723c751e8b465ee728b)
Start importing Assets/Texture/TilePaletteSprites/mk_16_16_nature_tileset_90.asset using Guid(9604288f7612bf240b722181b0811746) Importer(815301076,1909f56bfc062723c751e8b465ee728b)  -> (artifact id: '2e977a238ed271d04776af8df734b0ae') in 0.090129 seconds 
========================================================================
Received Import Request.
  Time since last request: 0.000042 seconds.
  path: Assets/Texture/TilePaletteSprites/mk_16_16_nature_tileset_92.asset
  artifactKey: Guid(f8406cec1dec0fe4786ec25f880425f2) Importer(815301076,1909f56bfc062723c751e8b465ee728b)
Start importing Assets/Texture/TilePaletteSprites/mk_16_16_nature_tileset_92.asset using Guid(f8406cec1dec0fe4786ec25f880425f2) Importer(815301076,1909f56bfc062723c751e8b465ee728b)  -> (artifact id: 'edccc7f810278c4a65b4f1eebd638930') in 0.092458 seconds 
========================================================================
Received Import Request.
  Time since last request: 0.000063 seconds.
  path: Assets/Texture/TilePaletteSprites/mk_16_16_nature_tileset_93.asset
  artifactKey: Guid(96deb8af1985fda47bcc7f779327a0a7) Importer(815301076,1909f56bfc062723c751e8b465ee728b)
Start importing Assets/Texture/TilePaletteSprites/mk_16_16_nature_tileset_93.asset using Guid(96deb8af1985fda47bcc7f779327a0a7) Importer(815301076,1909f56bfc062723c751e8b465ee728b)  -> (artifact id: 'ce7c5974d1aaef415044fe3b8db99210') in 0.077899 seconds 
========================================================================
Received Import Request.
  Time since last request: 0.000045 seconds.
  path: Assets/Texture/TilePaletteSprites/mk_16_16_nature_tileset_96.asset
  artifactKey: Guid(cc04180cb965dae4495bc7eee4427b25) Importer(815301076,1909f56bfc062723c751e8b465ee728b)
Start importing Assets/Texture/TilePaletteSprites/mk_16_16_nature_tileset_96.asset using Guid(cc04180cb965dae4495bc7eee4427b25) Importer(815301076,1909f56bfc062723c751e8b465ee728b)  -> (artifact id: 'ee6fe4f7d55e9fe4b54fa0ca25b5a8c3') in 0.084182 seconds 
========================================================================
Received Import Request.
  Time since last request: 0.000050 seconds.
  path: Assets/Texture/TilePaletteSprites/mk_16_16_nature_tileset_99.asset
  artifactKey: Guid(326d4ceeb0c6c2343a2004e18f654cc5) Importer(815301076,1909f56bfc062723c751e8b465ee728b)
Start importing Assets/Texture/TilePaletteSprites/mk_16_16_nature_tileset_99.asset using Guid(326d4ceeb0c6c2343a2004e18f654cc5) Importer(815301076,1909f56bfc062723c751e8b465ee728b)  -> (artifact id: 'a2a04b81d3fec4e89fedefea179df560') in 0.093370 seconds 
========================================================================
Received Import Request.
  Time since last request: 0.000051 seconds.
  path: Assets/Texture/TilePaletteSprites/mk_16_16_nature_tileset_98.asset
  artifactKey: Guid(822681cde5e461743a0754e251fa5759) Importer(815301076,1909f56bfc062723c751e8b465ee728b)
Start importing Assets/Texture/TilePaletteSprites/mk_16_16_nature_tileset_98.asset using Guid(822681cde5e461743a0754e251fa5759) Importer(815301076,1909f56bfc062723c751e8b465ee728b)  -> (artifact id: '5de59fcdb69d98067f307b8e6b65cf54') in 0.079761 seconds 
========================================================================
Received Import Request.
  Time since last request: 0.000051 seconds.
  path: Assets/Texture/TilePaletteSprites/mk_16_16_nature_tileset_107.asset
  artifactKey: Guid(98f03de2bf4040d4baa58d488917104c) Importer(815301076,1909f56bfc062723c751e8b465ee728b)
Start importing Assets/Texture/TilePaletteSprites/mk_16_16_nature_tileset_107.asset using Guid(98f03de2bf4040d4baa58d488917104c) Importer(815301076,1909f56bfc062723c751e8b465ee728b)  -> (artifact id: '856fbda1216a10630484a0ee93dfe343') in 0.070387 seconds 
========================================================================
Received Import Request.
  Time since last request: 0.000039 seconds.
  path: Assets/Texture/TilePaletteSprites/mk_16_16_nature_tileset_106.asset
  artifactKey: Guid(68e8d69d757b8834aa3f21620201e394) Importer(815301076,1909f56bfc062723c751e8b465ee728b)
Start importing Assets/Texture/TilePaletteSprites/mk_16_16_nature_tileset_106.asset using Guid(68e8d69d757b8834aa3f21620201e394) Importer(815301076,1909f56bfc062723c751e8b465ee728b)  -> (artifact id: 'dfa39a9d433359d8057cb8a93c7ffa1d') in 0.058416 seconds 
========================================================================
Received Import Request.
  Time since last request: 0.000042 seconds.
  path: Assets/Texture/TilePaletteSprites/mk_16_16_nature_tileset_97.asset
  artifactKey: Guid(ea6e4bb53d4a4e649a2545363178b50b) Importer(815301076,1909f56bfc062723c751e8b465ee728b)
Start importing Assets/Texture/TilePaletteSprites/mk_16_16_nature_tileset_97.asset using Guid(ea6e4bb53d4a4e649a2545363178b50b) Importer(815301076,1909f56bfc062723c751e8b465ee728b)  -> (artifact id: '6e0e59b7f2a468e80e63b57ae2750bd8') in 0.079847 seconds 
========================================================================
Received Import Request.
  Time since last request: 0.000044 seconds.
  path: Assets/Texture/TilePaletteSprites/mk_16_16_nature_tileset_113.asset
  artifactKey: Guid(29d4019da66469f47a79a3055ca2e103) Importer(815301076,1909f56bfc062723c751e8b465ee728b)
Start importing Assets/Texture/TilePaletteSprites/mk_16_16_nature_tileset_113.asset using Guid(29d4019da66469f47a79a3055ca2e103) Importer(815301076,1909f56bfc062723c751e8b465ee728b)  -> (artifact id: 'aaaaff47e684e93a9eb0793905069e8e') in 0.076811 seconds 
========================================================================
Received Import Request.
  Time since last request: 0.000356 seconds.
  path: Assets/Texture/TilePaletteSprites/mk_16_16_nature_tileset_114.asset
  artifactKey: Guid(f04b7f06e89bb1942a1689561b59fd10) Importer(815301076,1909f56bfc062723c751e8b465ee728b)
Start importing Assets/Texture/TilePaletteSprites/mk_16_16_nature_tileset_114.asset using Guid(f04b7f06e89bb1942a1689561b59fd10) Importer(815301076,1909f56bfc062723c751e8b465ee728b)  -> (artifact id: '0f7c0562e2f0f9788e0eac9ab11f7839') in 0.057897 seconds 
========================================================================
Received Import Request.
  Time since last request: 0.000043 seconds.
  path: Assets/Texture/TilePaletteSprites/mk_16_16_nature_tileset_112.asset
  artifactKey: Guid(7c273a728e6f48946b8312fdb47489c6) Importer(815301076,1909f56bfc062723c751e8b465ee728b)
Start importing Assets/Texture/TilePaletteSprites/mk_16_16_nature_tileset_112.asset using Guid(7c273a728e6f48946b8312fdb47489c6) Importer(815301076,1909f56bfc062723c751e8b465ee728b)  -> (artifact id: '8e2a67e10c2ac8ba2744fa0272365afa') in 0.064496 seconds 
========================================================================
Received Import Request.
  Time since last request: 0.000259 seconds.
  path: Assets/Texture/TilePaletteSprites/mk_16_16_nature_tileset_105.asset
  artifactKey: Guid(00bad1a6395b8df4b9c48e94be1e0dc1) Importer(815301076,1909f56bfc062723c751e8b465ee728b)
Start importing Assets/Texture/TilePaletteSprites/mk_16_16_nature_tileset_105.asset using Guid(00bad1a6395b8df4b9c48e94be1e0dc1) Importer(815301076,1909f56bfc062723c751e8b465ee728b)  -> (artifact id: 'b55bed907d8a0dafb401dccf7734c1ec') in 0.063452 seconds 
========================================================================
Received Import Request.
  Time since last request: 0.035102 seconds.
  path: Assets/Texture/TilePaletteSprites/mk_16_16_nature_tileset_118.asset
  artifactKey: Guid(e0fdc5de273bba4458ff0e540e183eca) Importer(815301076,1909f56bfc062723c751e8b465ee728b)
Start importing Assets/Texture/TilePaletteSprites/mk_16_16_nature_tileset_118.asset using Guid(e0fdc5de273bba4458ff0e540e183eca) Importer(815301076,1909f56bfc062723c751e8b465ee728b)  -> (artifact id: 'ef089b41adc8b8ff282052f5dd9b00b1') in 0.108178 seconds 
========================================================================
Received Import Request.
  Time since last request: 0.000037 seconds.
  path: Assets/Texture/TilePaletteSprites/mk_16_16_nature_tileset_119.asset
  artifactKey: Guid(561c61f7ed237fa4cb727d5818dba1b3) Importer(815301076,1909f56bfc062723c751e8b465ee728b)
Start importing Assets/Texture/TilePaletteSprites/mk_16_16_nature_tileset_119.asset using Guid(561c61f7ed237fa4cb727d5818dba1b3) Importer(815301076,1909f56bfc062723c751e8b465ee728b)  -> (artifact id: '1624796d3fdadd0cc3fa351d391fee18') in 0.080604 seconds 
========================================================================
Received Import Request.
  Time since last request: 0.000040 seconds.
  path: Assets/Texture/TilePaletteSprites/mk_16_16_nature_tileset_122.asset
  artifactKey: Guid(acc23dbb62e714145851f9fd72a5276b) Importer(815301076,1909f56bfc062723c751e8b465ee728b)
Start importing Assets/Texture/TilePaletteSprites/mk_16_16_nature_tileset_122.asset using Guid(acc23dbb62e714145851f9fd72a5276b) Importer(815301076,1909f56bfc062723c751e8b465ee728b)  -> (artifact id: '8160f82abaeb1785e0409ad96ff54fa9') in 0.071843 seconds 
========================================================================
Received Import Request.
  Time since last request: 0.000114 seconds.
  path: Assets/Texture/TilePaletteSprites/mk_16_16_nature_tileset_123.asset
  artifactKey: Guid(f0894eb5644c71c4bbd98aa37c453fc8) Importer(815301076,1909f56bfc062723c751e8b465ee728b)
Start importing Assets/Texture/TilePaletteSprites/mk_16_16_nature_tileset_123.asset using Guid(f0894eb5644c71c4bbd98aa37c453fc8) Importer(815301076,1909f56bfc062723c751e8b465ee728b)  -> (artifact id: '89052c89e7e7ca3b2f4ac64fad1766ca') in 0.055213 seconds 
========================================================================
Received Import Request.
  Time since last request: 0.256568 seconds.
  path: Assets/Texture/TilePaletteSprites/mk_16_16_nature_tileset_126.asset
  artifactKey: Guid(a3d8cc92b8f6d7242a36e69fa30d65e2) Importer(815301076,1909f56bfc062723c751e8b465ee728b)
Start importing Assets/Texture/TilePaletteSprites/mk_16_16_nature_tileset_126.asset using Guid(a3d8cc92b8f6d7242a36e69fa30d65e2) Importer(815301076,1909f56bfc062723c751e8b465ee728b)  -> (artifact id: '4445988f58bc2a03cca7aa0cd1dbae46') in 0.138068 seconds 
========================================================================
Received Import Request.
  Time since last request: 0.000046 seconds.
  path: Assets/Texture/TilePaletteSprites/mk_16_16_nature_tileset_127.asset
  artifactKey: Guid(224beba743e3d9d40aa5436fadc4715d) Importer(815301076,1909f56bfc062723c751e8b465ee728b)
Start importing Assets/Texture/TilePaletteSprites/mk_16_16_nature_tileset_127.asset using Guid(224beba743e3d9d40aa5436fadc4715d) Importer(815301076,1909f56bfc062723c751e8b465ee728b)  -> (artifact id: 'f83f9e4152a3104c3bee460748be2ff9') in 0.078047 seconds 
========================================================================
Received Import Request.
  Time since last request: 0.000051 seconds.
  path: Assets/Texture/TilePaletteSprites/mk_16_16_nature_tileset_133.asset
  artifactKey: Guid(86e71b9c0ac16644d9c72aee46d059dd) Importer(815301076,1909f56bfc062723c751e8b465ee728b)
Start importing Assets/Texture/TilePaletteSprites/mk_16_16_nature_tileset_133.asset using Guid(86e71b9c0ac16644d9c72aee46d059dd) Importer(815301076,1909f56bfc062723c751e8b465ee728b)  -> (artifact id: 'a44d514895c857b8f2f99471486e54a1') in 0.070331 seconds 
========================================================================
Received Import Request.
  Time since last request: 0.001605 seconds.
  path: Assets/Texture/TilePaletteSprites/mk_16_16_nature_tileset_134.asset
  artifactKey: Guid(4d88b8e5b4c8921408fe978f759aef22) Importer(815301076,1909f56bfc062723c751e8b465ee728b)
Start importing Assets/Texture/TilePaletteSprites/mk_16_16_nature_tileset_134.asset using Guid(4d88b8e5b4c8921408fe978f759aef22) Importer(815301076,1909f56bfc062723c751e8b465ee728b)  -> (artifact id: '037ecae3c0223ad466aa2b4f7de502df') in 0.058356 seconds 
========================================================================
Received Import Request.
  Time since last request: 0.000036 seconds.
  path: Assets/Texture/TilePaletteSprites/mk_16_16_nature_tileset_140.asset
  artifactKey: Guid(fcd835ffbe230af4683a779510060a05) Importer(815301076,1909f56bfc062723c751e8b465ee728b)
Start importing Assets/Texture/TilePaletteSprites/mk_16_16_nature_tileset_140.asset using Guid(fcd835ffbe230af4683a779510060a05) Importer(815301076,1909f56bfc062723c751e8b465ee728b)  -> (artifact id: '53da8c10510af0bf4504398dc7253ad6') in 0.074268 seconds 
========================================================================
Received Import Request.
  Time since last request: 0.000057 seconds.
  path: Assets/Texture/TilePaletteSprites/mk_16_16_nature_tileset_136.asset
  artifactKey: Guid(8346d440e07195e4eb958de9da94df56) Importer(815301076,1909f56bfc062723c751e8b465ee728b)
Start importing Assets/Texture/TilePaletteSprites/mk_16_16_nature_tileset_136.asset using Guid(8346d440e07195e4eb958de9da94df56) Importer(815301076,1909f56bfc062723c751e8b465ee728b)  -> (artifact id: '255fd9f0b286f121e42280843fe2c2e0') in 0.084450 seconds 
========================================================================
Received Import Request.
  Time since last request: 0.000057 seconds.
  path: Assets/Texture/TilePaletteSprites/mk_16_16_nature_tileset_141.asset
  artifactKey: Guid(97edbbb84b94fa54f89df50272bd69b9) Importer(815301076,1909f56bfc062723c751e8b465ee728b)
Start importing Assets/Texture/TilePaletteSprites/mk_16_16_nature_tileset_141.asset using Guid(97edbbb84b94fa54f89df50272bd69b9) Importer(815301076,1909f56bfc062723c751e8b465ee728b)  -> (artifact id: '582c0b831751d825f6d5e1f25569734e') in 0.084980 seconds 
========================================================================
Received Import Request.
  Time since last request: 0.000039 seconds.
  path: Assets/Texture/TilePaletteSprites/mk_16_16_nature_tileset_144.asset
  artifactKey: Guid(ab89184db9f4775448b0ff6f96757975) Importer(815301076,1909f56bfc062723c751e8b465ee728b)
Start importing Assets/Texture/TilePaletteSprites/mk_16_16_nature_tileset_144.asset using Guid(ab89184db9f4775448b0ff6f96757975) Importer(815301076,1909f56bfc062723c751e8b465ee728b)  -> (artifact id: '83d0b7f8bb00fbc49109d296c09d64b2') in 0.048923 seconds 
========================================================================
Received Import Request.
  Time since last request: 0.380056 seconds.
  path: Assets/Texture/TilePaletteSprites/mk_16_16_nature_tileset_146.asset
  artifactKey: Guid(c0d9953839367a147bd1779bb2d02846) Importer(815301076,1909f56bfc062723c751e8b465ee728b)
Start importing Assets/Texture/TilePaletteSprites/mk_16_16_nature_tileset_146.asset using Guid(c0d9953839367a147bd1779bb2d02846) Importer(815301076,1909f56bfc062723c751e8b465ee728b)  -> (artifact id: '922ad570acb154d97ad50d499bdf7779') in 0.075325 seconds 
========================================================================
Received Import Request.
  Time since last request: 0.000153 seconds.
  path: Assets/Texture/TilePaletteSprites/mk_16_16_nature_tileset_147.asset
  artifactKey: Guid(6bb435fab6ce29f49aedc401501d1aea) Importer(815301076,1909f56bfc062723c751e8b465ee728b)
Start importing Assets/Texture/TilePaletteSprites/mk_16_16_nature_tileset_147.asset using Guid(6bb435fab6ce29f49aedc401501d1aea) Importer(815301076,1909f56bfc062723c751e8b465ee728b)  -> (artifact id: '2cebb7b6828788f5775a3226c7dbcc9b') in 0.064934 seconds 
========================================================================
Received Import Request.
  Time since last request: 0.656872 seconds.
  path: Assets/Texture/TilePaletteSprites/mk_16_16_nature_tileset_150.asset
  artifactKey: Guid(fb71fb10ee6000749891323494184d95) Importer(815301076,1909f56bfc062723c751e8b465ee728b)
Start importing Assets/Texture/TilePaletteSprites/mk_16_16_nature_tileset_150.asset using Guid(fb71fb10ee6000749891323494184d95) Importer(815301076,1909f56bfc062723c751e8b465ee728b)  -> (artifact id: 'b9e2a5112b10015e45e1f25564b493ef') in 0.083917 seconds 
========================================================================
Received Import Request.
  Time since last request: 0.000049 seconds.
  path: Assets/Texture/TilePaletteSprites/mk_16_16_nature_tileset_152.asset
  artifactKey: Guid(35f81f06bf3c7a047a0c8f65c1ae1e25) Importer(815301076,1909f56bfc062723c751e8b465ee728b)
Start importing Assets/Texture/TilePaletteSprites/mk_16_16_nature_tileset_152.asset using Guid(35f81f06bf3c7a047a0c8f65c1ae1e25) Importer(815301076,1909f56bfc062723c751e8b465ee728b)  -> (artifact id: '27d0f02f1cffae9f69fbb5c6cca89816') in 0.059852 seconds 
========================================================================
Received Import Request.
  Time since last request: 0.250620 seconds.
  path: Assets/Texture/TilePaletteSprites/mk_16_16_nature_tileset_154.asset
  artifactKey: Guid(3ebc693916b811240b9eebd97f217cbb) Importer(815301076,1909f56bfc062723c751e8b465ee728b)
Start importing Assets/Texture/TilePaletteSprites/mk_16_16_nature_tileset_154.asset using Guid(3ebc693916b811240b9eebd97f217cbb) Importer(815301076,1909f56bfc062723c751e8b465ee728b)  -> (artifact id: '227d65be64f47cbc3c152e67bb083f9e') in 0.052267 seconds 
========================================================================
Received Import Request.
  Time since last request: 0.000057 seconds.
  path: Assets/Texture/TilePaletteSprites/mk_16_16_nature_tileset_155.asset
  artifactKey: Guid(32f67e5ee38598048a76deec92c23345) Importer(815301076,1909f56bfc062723c751e8b465ee728b)
Start importing Assets/Texture/TilePaletteSprites/mk_16_16_nature_tileset_155.asset using Guid(32f67e5ee38598048a76deec92c23345) Importer(815301076,1909f56bfc062723c751e8b465ee728b)  -> (artifact id: '73b5715a726aec0d38559f8f99368951') in 0.082434 seconds 
========================================================================
Received Import Request.
  Time since last request: 21.593026 seconds.
  path: Assets/Texture/TilePaletteSprites/mk_16_16_nature_tileset_159.asset
  artifactKey: Guid(02a58396ba79a3e4b9f16dce8258a885) Importer(815301076,1909f56bfc062723c751e8b465ee728b)
Start importing Assets/Texture/TilePaletteSprites/mk_16_16_nature_tileset_159.asset using Guid(02a58396ba79a3e4b9f16dce8258a885) Importer(815301076,1909f56bfc062723c751e8b465ee728b)  -> (artifact id: '7a3795f016bb43e19cdfbf18b0833e96') in 0.084511 seconds 
========================================================================
Received Import Request.
  Time since last request: 0.329363 seconds.
  path: Assets/Texture/TilePaletteSprites/mk_16_16_nature_tileset_163.asset
  artifactKey: Guid(b84514b7a3fe07640807eeb780b9d83f) Importer(815301076,1909f56bfc062723c751e8b465ee728b)
Start importing Assets/Texture/TilePaletteSprites/mk_16_16_nature_tileset_163.asset using Guid(b84514b7a3fe07640807eeb780b9d83f) Importer(815301076,1909f56bfc062723c751e8b465ee728b)  -> (artifact id: '2ec94efaf2819679188aadf673cf720f') in 0.114587 seconds 
========================================================================
Received Prepare
Registering precompiled user dll's ...
Registered in 0.023934 seconds.
Begin MonoManager ReloadAssembly
Symbol file LoadedFromMemory doesn't match image C:\Users\DI Paul Krenmayr\OneDrive - HTBLA Leonding\Schule\SYP\SYP-Blank-\DungeonGame\Library\PackageCache\com.unity.visualscripting@1.7.5\Editor\VisualScripting.Core\Dependencies\YamlDotNet\Unity.VisualScripting.YamlDotNet.dll
Symbol file LoadedFromMemory doesn't match image C:\Users\DI Paul Krenmayr\OneDrive - HTBLA Leonding\Schule\SYP\SYP-Blank-\DungeonGame\Library\PackageCache\com.unity.visualscripting@1.7.5\Editor\VisualScripting.Core\Dependencies\DotNetZip\Unity.VisualScripting.IonicZip.dll
Native extension for WindowsStandalone target not found
Refreshing native plugins compatible for Editor in 2.61 ms, found 4 plugins.
Preloading 0 native plugins for Editor in 0.00 ms.
Mono: successfully reloaded assembly
- Completed reload, in  4.296 seconds
Domain Reload Profiling:
	ReloadAssembly (4297ms)
		BeginReloadAssembly (473ms)
			ExecutionOrderSort (0ms)
			DisableScriptedObjects (27ms)
			BackupInstance (0ms)
			ReleaseScriptingObjects (0ms)
			CreateAndSetChildDomain (169ms)
		EndReloadAssembly (3488ms)
			LoadAssemblies (293ms)
			RebuildTransferFunctionScriptingTraits (0ms)
			SetupTypeCache (864ms)
			ReleaseScriptCaches (4ms)
			RebuildScriptCaches (118ms)
			SetupLoadedEditorAssemblies (1809ms)
				LogAssemblyErrors (0ms)
				InitializePlatformSupportModulesInManaged (242ms)
				SetLoadedEditorAssemblies (1ms)
				RefreshPlugins (3ms)
				BeforeProcessingInitializeOnLoad (281ms)
				ProcessInitializeOnLoadAttributes (1151ms)
				ProcessInitializeOnLoadMethodAttributes (107ms)
				AfterProcessingInitializeOnLoad (24ms)
				EditorAssembliesLoaded (0ms)
			ExecutionOrderSort2 (0ms)
			AwakeInstancesAfterBackupRestoration (32ms)
Platform modules already initialized, skipping
Refreshing native plugins compatible for Editor in 2.06 ms, found 4 plugins.
Preloading 0 native plugins for Editor in 0.00 ms.
Unloading 3892 Unused Serialized files (Serialized files now loaded: 0)
Unloading 26 unused Assets / (24.6 KB). Loaded Objects now: 4385.
Memory consumption went from 150.6 MB to 150.6 MB.
Total: 15.176200 ms (FindLiveObjects: 0.924900 ms CreateObjectMapping: 0.478500 ms MarkObjects: 13.690800 ms  DeleteObjects: 0.077300 ms)

AssetImportParameters requested are different than current active one (requested -> active):
  custom:video-decoder-ogg-theora: a1e56fd34408186e4bbccfd4996cb3dc -> 
  custom:container-muxer-webm: aa71ff27fc2769a1b78a27578f13a17b -> 
  custom:container-demuxer-webm: 4f35f7cbe854078d1ac9338744f61a02 -> 
  custom:video-encoder-webm-vp8: eb34c28f22e8b96e1ab97ce403110664 -> 
  custom:video-codec-MediaFoundation-h265: 746d11721c4dcdbdad8f713fa42b33f4 -> 
  custom:audio-encoder-webm-vorbis: bf7c407c2cedff20999df2af8eb42d56 -> 
  custom:framework-win-MediaFoundation: 216162199b28c13a410421893ffa2e32 -> 
  custom:container-demuxer-ogg: 62fdf1f143b41e24485cea50d1cbac27 -> 
  custom:video-decoder-webm-vp8: 9c59270c3fd7afecdb556c50c9e8de78 -> 
  custom:audio-decoder-ogg-vorbis: bf7c407c2cedff20999df2af8eb42d56 -> 
