Using pre-set license
Built from '2021.2/staging' branch; Version is '2021.2.3f1 (32358a8527b4) revision 3290506'; Using compiler version '192829333'; Build Type 'Release'
OS: 'Windows 10 Pro; OS build 19045.2251; Version 2009; 64bit' Language: 'de' Physical Memory: 15713 MB
BatchMode: 1, IsHumanControllingUs: 0, StartBugReporterOnCrash: 0, Is64bit: 1, IsPro: 0

COMMAND LINE ARGUMENTS:
C:\Program Files\Unity\Hub\Editor\2021.2.3f1\Editor\Unity.exe
-adb2
-batchMode
-noUpm
-name
AssetImportWorker1
-projectPath
C:/Users/Noah Grundner/OneDrive - HTBLA Leonding/3CHIF/Project/SYP-Blank-/DungeonGame
-logFile
Logs/AssetImportWorker1.log
-srvPort
65413
Successfully changed project path to: C:/Users/Noah Grundner/OneDrive - HTBLA Leonding/3CHIF/Project/SYP-Blank-/DungeonGame
C:/Users/Noah Grundner/OneDrive - HTBLA Leonding/3CHIF/Project/SYP-Blank-/DungeonGame
[UnityMemory] Configuration Parameters - Can be set up in boot.config
    "memorysetup-bucket-allocator-granularity=16"
    "memorysetup-bucket-allocator-bucket-count=8"
    "memorysetup-bucket-allocator-block-size=33554432"
    "memorysetup-bucket-allocator-block-count=8"
    "memorysetup-main-allocator-block-size=16777216"
    "memorysetup-thread-allocator-block-size=16777216"
    "memorysetup-gfx-main-allocator-block-size=16777216"
    "memorysetup-gfx-thread-allocator-block-size=16777216"
    "memorysetup-cache-allocator-block-size=4194304"
    "memorysetup-typetree-allocator-block-size=2097152"
    "memorysetup-profiler-bucket-allocator-granularity=16"
    "memorysetup-profiler-bucket-allocator-bucket-count=8"
    "memorysetup-profiler-bucket-allocator-block-size=33554432"
    "memorysetup-profiler-bucket-allocator-block-count=8"
    "memorysetup-profiler-allocator-block-size=16777216"
    "memorysetup-profiler-editor-allocator-block-size=1048576"
    "memorysetup-temp-allocator-size-main=16777216"
    "memorysetup-job-temp-allocator-block-size=2097152"
    "memorysetup-job-temp-allocator-block-size-background=1048576"
    "memorysetup-job-temp-allocator-reduction-small-platforms=262144"
    "memorysetup-temp-allocator-size-background-worker=32768"
    "memorysetup-temp-allocator-size-job-worker=262144"
    "memorysetup-temp-allocator-size-preload-manager=33554432"
    "memorysetup-temp-allocator-size-nav-mesh-worker=65536"
    "memorysetup-temp-allocator-size-audio-worker=65536"
    "memorysetup-temp-allocator-size-cloud-worker=32768"
    "memorysetup-temp-allocator-size-gi-baking-worker=262144"
    "memorysetup-temp-allocator-size-gfx=262144"
Refreshing native plugins compatible for Editor in 92.18 ms, found 4 plugins.
Preloading 0 native plugins for Editor in 0.00 ms.
Initialize engine version: 2021.2.3f1 (32358a8527b4)
[Subsystems] Discovering subsystems at path C:/Program Files/Unity/Hub/Editor/2021.2.3f1/Editor/Data/Resources/UnitySubsystems
[Subsystems] Discovering subsystems at path C:/Users/Noah Grundner/OneDrive - HTBLA Leonding/3CHIF/Project/SYP-Blank-/DungeonGame/Assets
GfxDevice: creating device client; threaded=0; jobified=0
Direct3D:
    Version:  Direct3D 11.0 [level 11.1]
    Renderer: AMD Radeon(TM) Graphics (ID=0x164c)
    Vendor:   ATI
    VRAM:     7856 MB
    Driver:   27.20.21030.1005
Initialize mono
Mono path[0] = 'C:/Program Files/Unity/Hub/Editor/2021.2.3f1/Editor/Data/Managed'
Mono path[1] = 'C:/Program Files/Unity/Hub/Editor/2021.2.3f1/Editor/Data/MonoBleedingEdge/lib/mono/unityjit-win32'
Mono config path = 'C:/Program Files/Unity/Hub/Editor/2021.2.3f1/Editor/Data/MonoBleedingEdge/etc'
Using monoOptions --debugger-agent=transport=dt_socket,embedding=1,server=y,suspend=n,address=127.0.0.1:56076
Begin MonoManager ReloadAssembly
Registering precompiled unity dll's ...
Register platform support module: C:/Program Files/Unity/Hub/Editor/2021.2.3f1/Editor/Data/PlaybackEngines/WebGLSupport/UnityEditor.WebGL.Extensions.dll
Register platform support module: C:/Program Files/Unity/Hub/Editor/2021.2.3f1/Editor/Data/PlaybackEngines/WindowsStandaloneSupport/UnityEditor.WindowsStandalone.Extensions.dll
Registered in 0.006817 seconds.
Native extension for WindowsStandalone target not found
Native extension for WebGL target not found
Refreshing native plugins compatible for Editor in 87.57 ms, found 4 plugins.
Preloading 0 native plugins for Editor in 0.00 ms.
Mono: successfully reloaded assembly
- Completed reload, in  0.602 seconds
Domain Reload Profiling:
	ReloadAssembly (602ms)
		BeginReloadAssembly (68ms)
			ExecutionOrderSort (0ms)
			DisableScriptedObjects (0ms)
			BackupInstance (0ms)
			ReleaseScriptingObjects (0ms)
			CreateAndSetChildDomain (1ms)
		EndReloadAssembly (459ms)
			LoadAssemblies (66ms)
			RebuildTransferFunctionScriptingTraits (0ms)
			SetupTypeCache (97ms)
			ReleaseScriptCaches (0ms)
			RebuildScriptCaches (28ms)
			SetupLoadedEditorAssemblies (285ms)
				LogAssemblyErrors (0ms)
				InitializePlatformSupportModulesInManaged (16ms)
				SetLoadedEditorAssemblies (0ms)
				RefreshPlugins (88ms)
				BeforeProcessingInitializeOnLoad (1ms)
				ProcessInitializeOnLoadAttributes (135ms)
				ProcessInitializeOnLoadMethodAttributes (46ms)
				AfterProcessingInitializeOnLoad (0ms)
				EditorAssembliesLoaded (0ms)
			ExecutionOrderSort2 (0ms)
			AwakeInstancesAfterBackupRestoration (0ms)
Platform modules already initialized, skipping
Registering precompiled user dll's ...
Registered in 0.006370 seconds.
Begin MonoManager ReloadAssembly
Symbol file LoadedFromMemory doesn't match image C:\Users\Noah Grundner\OneDrive - HTBLA Leonding\3CHIF\Project\SYP-Blank-\DungeonGame\Library\PackageCache\com.unity.visualscripting@1.7.5\Editor\VisualScripting.Core\Dependencies\YamlDotNet\Unity.VisualScripting.YamlDotNet.dll
Symbol file LoadedFromMemory doesn't match image C:\Users\Noah Grundner\OneDrive - HTBLA Leonding\3CHIF\Project\SYP-Blank-\DungeonGame\Library\PackageCache\com.unity.visualscripting@1.7.5\Editor\VisualScripting.Core\Dependencies\DotNetZip\Unity.VisualScripting.IonicZip.dll
Native extension for WindowsStandalone target not found
Native extension for WebGL target not found
Refreshing native plugins compatible for Editor in 92.28 ms, found 4 plugins.
Preloading 0 native plugins for Editor in 0.00 ms.
Mono: successfully reloaded assembly
- Completed reload, in  1.743 seconds
Domain Reload Profiling:
	ReloadAssembly (1744ms)
		BeginReloadAssembly (165ms)
			ExecutionOrderSort (0ms)
			DisableScriptedObjects (5ms)
			BackupInstance (0ms)
			ReleaseScriptingObjects (0ms)
			CreateAndSetChildDomain (23ms)
		EndReloadAssembly (1480ms)
			LoadAssemblies (82ms)
			RebuildTransferFunctionScriptingTraits (0ms)
			SetupTypeCache (228ms)
			ReleaseScriptCaches (1ms)
			RebuildScriptCaches (55ms)
			SetupLoadedEditorAssemblies (1014ms)
				LogAssemblyErrors (0ms)
				InitializePlatformSupportModulesInManaged (13ms)
				SetLoadedEditorAssemblies (0ms)
				RefreshPlugins (92ms)
				BeforeProcessingInitializeOnLoad (96ms)
				ProcessInitializeOnLoadAttributes (768ms)
				ProcessInitializeOnLoadMethodAttributes (35ms)
				AfterProcessingInitializeOnLoad (9ms)
				EditorAssembliesLoaded (0ms)
			ExecutionOrderSort2 (0ms)
			AwakeInstancesAfterBackupRestoration (6ms)
Platform modules already initialized, skipping
========================================================================
Worker process is ready to serve import requests
Launched and connected shader compiler UnityShaderCompiler.exe after 0.04 seconds
Refreshing native plugins compatible for Editor in 0.72 ms, found 4 plugins.
Preloading 0 native plugins for Editor in 0.00 ms.
Unloading 3896 Unused Serialized files (Serialized files now loaded: 0)
Unloading 43 unused Assets / (224.3 KB). Loaded Objects now: 4345.
Memory consumption went from 150.6 MB to 150.3 MB.
Total: 4.610600 ms (FindLiveObjects: 0.523600 ms CreateObjectMapping: 0.275300 ms MarkObjects: 3.632600 ms  DeleteObjects: 0.177000 ms)

AssetImportParameters requested are different than current active one (requested -> active):
  custom:video-decoder-ogg-theora: a1e56fd34408186e4bbccfd4996cb3dc -> 
  custom:container-muxer-webm: aa71ff27fc2769a1b78a27578f13a17b -> 
  custom:container-demuxer-webm: 4f35f7cbe854078d1ac9338744f61a02 -> 
  custom:video-encoder-webm-vp8: eb34c28f22e8b96e1ab97ce403110664 -> 
  custom:audio-encoder-webm-vorbis: bf7c407c2cedff20999df2af8eb42d56 -> 
  custom:framework-win-MediaFoundation: 216162199b28c13a410421893ffa2e32 -> 
  custom:container-demuxer-ogg: 62fdf1f143b41e24485cea50d1cbac27 -> 
  custom:video-decoder-webm-vp8: 9c59270c3fd7afecdb556c50c9e8de78 -> 
  custom:audio-decoder-ogg-vorbis: bf7c407c2cedff20999df2af8eb42d56 -> 
========================================================================
Received Prepare
Registering precompiled user dll's ...
Registered in 0.008226 seconds.
Begin MonoManager ReloadAssembly
Symbol file LoadedFromMemory doesn't match image C:\Users\Noah Grundner\OneDrive - HTBLA Leonding\3CHIF\Project\SYP-Blank-\DungeonGame\Library\PackageCache\com.unity.visualscripting@1.7.5\Editor\VisualScripting.Core\Dependencies\YamlDotNet\Unity.VisualScripting.YamlDotNet.dll
Symbol file LoadedFromMemory doesn't match image C:\Users\Noah Grundner\OneDrive - HTBLA Leonding\3CHIF\Project\SYP-Blank-\DungeonGame\Library\PackageCache\com.unity.visualscripting@1.7.5\Editor\VisualScripting.Core\Dependencies\DotNetZip\Unity.VisualScripting.IonicZip.dll
Native extension for WindowsStandalone target not found
Native extension for WebGL target not found
Refreshing native plugins compatible for Editor in 0.84 ms, found 4 plugins.
Preloading 0 native plugins for Editor in 0.00 ms.
Mono: successfully reloaded assembly
- Completed reload, in  1.122 seconds
Domain Reload Profiling:
	ReloadAssembly (1123ms)
		BeginReloadAssembly (139ms)
			ExecutionOrderSort (0ms)
			DisableScriptedObjects (7ms)
			BackupInstance (0ms)
			ReleaseScriptingObjects (0ms)
			CreateAndSetChildDomain (39ms)
		EndReloadAssembly (875ms)
			LoadAssemblies (81ms)
			RebuildTransferFunctionScriptingTraits (0ms)
			SetupTypeCache (233ms)
			ReleaseScriptCaches (1ms)
			RebuildScriptCaches (47ms)
			SetupLoadedEditorAssemblies (416ms)
				LogAssemblyErrors (0ms)
				InitializePlatformSupportModulesInManaged (13ms)
				SetLoadedEditorAssemblies (0ms)
				RefreshPlugins (1ms)
				BeforeProcessingInitializeOnLoad (77ms)
				ProcessInitializeOnLoadAttributes (291ms)
				ProcessInitializeOnLoadMethodAttributes (28ms)
				AfterProcessingInitializeOnLoad (7ms)
				EditorAssembliesLoaded (0ms)
			ExecutionOrderSort2 (0ms)
			AwakeInstancesAfterBackupRestoration (9ms)
Platform modules already initialized, skipping
Refreshing native plugins compatible for Editor in 0.80 ms, found 4 plugins.
Preloading 0 native plugins for Editor in 0.00 ms.
Unloading 3902 Unused Serialized files (Serialized files now loaded: 0)
Unloading 32 unused Assets / (191.4 KB). Loaded Objects now: 4358.
Memory consumption went from 150.8 MB to 150.6 MB.
Total: 4.308800 ms (FindLiveObjects: 0.458900 ms CreateObjectMapping: 0.217000 ms MarkObjects: 3.471000 ms  DeleteObjects: 0.159900 ms)

AssetImportParameters requested are different than current active one (requested -> active):
  custom:video-decoder-ogg-theora: a1e56fd34408186e4bbccfd4996cb3dc -> 
  custom:container-muxer-webm: aa71ff27fc2769a1b78a27578f13a17b -> 
  custom:container-demuxer-webm: 4f35f7cbe854078d1ac9338744f61a02 -> 
  custom:video-encoder-webm-vp8: eb34c28f22e8b96e1ab97ce403110664 -> 
  custom:audio-encoder-webm-vorbis: bf7c407c2cedff20999df2af8eb42d56 -> 
  custom:framework-win-MediaFoundation: 216162199b28c13a410421893ffa2e32 -> 
  custom:container-demuxer-ogg: 62fdf1f143b41e24485cea50d1cbac27 -> 
  custom:video-decoder-webm-vp8: 9c59270c3fd7afecdb556c50c9e8de78 -> 
  custom:audio-decoder-ogg-vorbis: bf7c407c2cedff20999df2af8eb42d56 -> 
========================================================================
Received Import Request.
  Time since last request: 61185.550351 seconds.
  path: Assets/KrishnaPalacio/MINIFANTASY Dungeon - Super Low Res 2D Pixel Art by Krishna Palacio/Tile Palettes/Ground/DUN_Ground.prefab
  artifactKey: Guid(6a6781ae92da1a143a75d22d323f21e4) Importer(815301076,1909f56bfc062723c751e8b465ee728b)
Start importing Assets/KrishnaPalacio/MINIFANTASY Dungeon - Super Low Res 2D Pixel Art by Krishna Palacio/Tile Palettes/Ground/DUN_Ground.prefab using Guid(6a6781ae92da1a143a75d22d323f21e4) Importer(815301076,1909f56bfc062723c751e8b465ee728b)  -> (artifact id: '4039f0acf81d865c64614eb9d9e006d7') in 0.128137 seconds 
========================================================================
Received Import Request.
  Time since last request: 0.000033 seconds.
  path: Assets/KrishnaPalacio/MINIFANTASY Dungeon - Super Low Res 2D Pixel Art by Krishna Palacio/Tile Palettes/Ground/FloorTiles_8.asset
  artifactKey: Guid(a6c438036e51d7c4fb0d93c81344237f) Importer(815301076,1909f56bfc062723c751e8b465ee728b)
Start importing Assets/KrishnaPalacio/MINIFANTASY Dungeon - Super Low Res 2D Pixel Art by Krishna Palacio/Tile Palettes/Ground/FloorTiles_8.asset using Guid(a6c438036e51d7c4fb0d93c81344237f) Importer(815301076,1909f56bfc062723c751e8b465ee728b)  -> (artifact id: '505df75f3592a70adb3345d738161682') in 0.026353 seconds 
========================================================================
Received Import Request.
  Time since last request: 0.000102 seconds.
  path: Assets/KrishnaPalacio/MINIFANTASY Dungeon - Super Low Res 2D Pixel Art by Krishna Palacio/Tile Palettes/Ground/FloorTiles_11.asset
  artifactKey: Guid(a291b3dd99e364c45a4717e5e3f9c83a) Importer(815301076,1909f56bfc062723c751e8b465ee728b)
Start importing Assets/KrishnaPalacio/MINIFANTASY Dungeon - Super Low Res 2D Pixel Art by Krishna Palacio/Tile Palettes/Ground/FloorTiles_11.asset using Guid(a291b3dd99e364c45a4717e5e3f9c83a) Importer(815301076,1909f56bfc062723c751e8b465ee728b)  -> (artifact id: '476610cf7e5ea45d4f69ac3e22c6b754') in 0.015654 seconds 
========================================================================
Received Import Request.
  Time since last request: 0.000041 seconds.
  path: Assets/KrishnaPalacio/MINIFANTASY Dungeon - Super Low Res 2D Pixel Art by Krishna Palacio/Tile Palettes/Ground/FloorTiles_9.asset
  artifactKey: Guid(d5f15b09dc80ed841a14c8ec799e7421) Importer(815301076,1909f56bfc062723c751e8b465ee728b)
Start importing Assets/KrishnaPalacio/MINIFANTASY Dungeon - Super Low Res 2D Pixel Art by Krishna Palacio/Tile Palettes/Ground/FloorTiles_9.asset using Guid(d5f15b09dc80ed841a14c8ec799e7421) Importer(815301076,1909f56bfc062723c751e8b465ee728b)  -> (artifact id: '36d53003f45fe0a6ca05d3686596f478') in 0.019837 seconds 
========================================================================
Received Import Request.
  Time since last request: 0.000052 seconds.
  path: Assets/KrishnaPalacio/MINIFANTASY Dungeon - Super Low Res 2D Pixel Art by Krishna Palacio/Tile Palettes/Ground/FloorTiles_6.asset
  artifactKey: Guid(0d316e587e226eb4a97550908ba32b8d) Importer(815301076,1909f56bfc062723c751e8b465ee728b)
Start importing Assets/KrishnaPalacio/MINIFANTASY Dungeon - Super Low Res 2D Pixel Art by Krishna Palacio/Tile Palettes/Ground/FloorTiles_6.asset using Guid(0d316e587e226eb4a97550908ba32b8d) Importer(815301076,1909f56bfc062723c751e8b465ee728b)  -> (artifact id: '574e4ccb1e3f207fd493166da2c1841e') in 0.014896 seconds 
========================================================================
Received Import Request.
  Time since last request: 0.000029 seconds.
  path: Assets/KrishnaPalacio/MINIFANTASY Dungeon - Super Low Res 2D Pixel Art by Krishna Palacio/Tile Palettes/Ground/FloorTiles_3.asset
  artifactKey: Guid(f9e97002260f8ec47bf57e62b4dc95d9) Importer(815301076,1909f56bfc062723c751e8b465ee728b)
Start importing Assets/KrishnaPalacio/MINIFANTASY Dungeon - Super Low Res 2D Pixel Art by Krishna Palacio/Tile Palettes/Ground/FloorTiles_3.asset using Guid(f9e97002260f8ec47bf57e62b4dc95d9) Importer(815301076,1909f56bfc062723c751e8b465ee728b)  -> (artifact id: 'dcb821f47faa562039e0d7139c8eec64') in 0.013237 seconds 
