Using pre-set license
Built from '2021.2/staging' branch; Version is '2021.2.3f1 (32358a8527b4) revision 3290506'; Using compiler version '192829333'; Build Type 'Release'
OS: 'Windows 10 Home; OS build 19043.2006; Version 2009; 64bit' Language: 'de' Physical Memory: 8040 MB
BatchMode: 1, IsHumanControllingUs: 0, StartBugReporterOnCrash: 0, Is64bit: 1, IsPro: 0

COMMAND LINE ARGUMENTS:
C:\Program Files\Unity\Hub\Editor\2021.2.3f1\Editor\Unity.exe
-adb2
-batchMode
-noUpm
-name
AssetImportWorker1
-projectPath
C:/Users/elkek/OneDrive/Desktop/Coding Projekt/Syp-Projekt/SYP-Blank-/DungeonGame
-logFile
Logs/AssetImportWorker1.log
-srvPort
62442
Successfully changed project path to: C:/Users/elkek/OneDrive/Desktop/Coding Projekt/Syp-Projekt/SYP-Blank-/DungeonGame
C:/Users/elkek/OneDrive/Desktop/Coding Projekt/Syp-Projekt/SYP-Blank-/DungeonGame
[UnityMemory] Configuration Parameters - Can be set up in boot.config
    "memorysetup-bucket-allocator-granularity=16"
    "memorysetup-bucket-allocator-bucket-count=8"
    "memorysetup-bucket-allocator-block-size=33554432"
    "memorysetup-bucket-allocator-block-count=8"
    "memorysetup-main-allocator-block-size=16777216"
    "memorysetup-thread-allocator-block-size=16777216"
    "memorysetup-gfx-main-allocator-block-size=16777216"
    "memorysetup-gfx-thread-allocator-block-size=16777216"
    "memorysetup-cache-allocator-block-size=4194304"
    "memorysetup-typetree-allocator-block-size=2097152"
    "memorysetup-profiler-bucket-allocator-granularity=16"
    "memorysetup-profiler-bucket-allocator-bucket-count=8"
    "memorysetup-profiler-bucket-allocator-block-size=33554432"
    "memorysetup-profiler-bucket-allocator-block-count=8"
    "memorysetup-profiler-allocator-block-size=16777216"
    "memorysetup-profiler-editor-allocator-block-size=1048576"
    "memorysetup-temp-allocator-size-main=16777216"
    "memorysetup-job-temp-allocator-block-size=2097152"
    "memorysetup-job-temp-allocator-block-size-background=1048576"
    "memorysetup-job-temp-allocator-reduction-small-platforms=262144"
    "memorysetup-temp-allocator-size-background-worker=32768"
    "memorysetup-temp-allocator-size-job-worker=262144"
    "memorysetup-temp-allocator-size-preload-manager=33554432"
    "memorysetup-temp-allocator-size-nav-mesh-worker=65536"
    "memorysetup-temp-allocator-size-audio-worker=65536"
    "memorysetup-temp-allocator-size-cloud-worker=32768"
    "memorysetup-temp-allocator-size-gi-baking-worker=262144"
    "memorysetup-temp-allocator-size-gfx=262144"
Refreshing native plugins compatible for Editor in 341.85 ms, found 4 plugins.
Preloading 0 native plugins for Editor in 0.00 ms.
Initialize engine version: 2021.2.3f1 (32358a8527b4)
[Subsystems] Discovering subsystems at path C:/Program Files/Unity/Hub/Editor/2021.2.3f1/Editor/Data/Resources/UnitySubsystems
[Subsystems] Discovering subsystems at path C:/Users/elkek/OneDrive/Desktop/Coding Projekt/Syp-Projekt/SYP-Blank-/DungeonGame/Assets
GfxDevice: creating device client; threaded=0; jobified=0
Direct3D:
    Version:  Direct3D 11.0 [level 11.0]
    Renderer: NVIDIA GeForce MX130 (ID=0x174d)
    Vendor:   NVIDIA
    VRAM:     2010 MB
    Driver:   25.21.14.1749
Initialize mono
Mono path[0] = 'C:/Program Files/Unity/Hub/Editor/2021.2.3f1/Editor/Data/Managed'
Mono path[1] = 'C:/Program Files/Unity/Hub/Editor/2021.2.3f1/Editor/Data/MonoBleedingEdge/lib/mono/unityjit-win32'
Mono config path = 'C:/Program Files/Unity/Hub/Editor/2021.2.3f1/Editor/Data/MonoBleedingEdge/etc'
Using monoOptions --debugger-agent=transport=dt_socket,embedding=1,server=y,suspend=n,address=127.0.0.1:56400
Begin MonoManager ReloadAssembly
Registering precompiled unity dll's ...
Register platform support module: C:/Program Files/Unity/Hub/Editor/2021.2.3f1/Editor/Data/PlaybackEngines/WindowsStandaloneSupport/UnityEditor.WindowsStandalone.Extensions.dll
Registered in 0.014236 seconds.
Native extension for WindowsStandalone target not found
Refreshing native plugins compatible for Editor in 242.86 ms, found 4 plugins.
Preloading 0 native plugins for Editor in 0.00 ms.
Mono: successfully reloaded assembly
- Completed reload, in  1.439 seconds
Domain Reload Profiling:
	ReloadAssembly (1440ms)
		BeginReloadAssembly (185ms)
			ExecutionOrderSort (0ms)
			DisableScriptedObjects (0ms)
			BackupInstance (0ms)
			ReleaseScriptingObjects (0ms)
			CreateAndSetChildDomain (1ms)
		EndReloadAssembly (1100ms)
			LoadAssemblies (179ms)
			RebuildTransferFunctionScriptingTraits (0ms)
			SetupTypeCache (245ms)
			ReleaseScriptCaches (0ms)
			RebuildScriptCaches (77ms)
			SetupLoadedEditorAssemblies (652ms)
				LogAssemblyErrors (0ms)
				InitializePlatformSupportModulesInManaged (43ms)
				SetLoadedEditorAssemblies (1ms)
				RefreshPlugins (243ms)
				BeforeProcessingInitializeOnLoad (2ms)
				ProcessInitializeOnLoadAttributes (272ms)
				ProcessInitializeOnLoadMethodAttributes (90ms)
				AfterProcessingInitializeOnLoad (0ms)
				EditorAssembliesLoaded (0ms)
			ExecutionOrderSort2 (0ms)
			AwakeInstancesAfterBackupRestoration (0ms)
Platform modules already initialized, skipping
Registering precompiled user dll's ...
Registered in 0.015113 seconds.
Begin MonoManager ReloadAssembly
Symbol file LoadedFromMemory doesn't match image C:\Users\elkek\OneDrive\Desktop\Coding Projekt\Syp-Projekt\SYP-Blank-\DungeonGame\Library\PackageCache\com.unity.visualscripting@1.7.8\Editor\VisualScripting.Core\Dependencies\YamlDotNet\Unity.VisualScripting.YamlDotNet.dll
Symbol file LoadedFromMemory doesn't match image C:\Users\elkek\OneDrive\Desktop\Coding Projekt\Syp-Projekt\SYP-Blank-\DungeonGame\Library\PackageCache\com.unity.visualscripting@1.7.8\Editor\VisualScripting.Core\Dependencies\DotNetZip\Unity.VisualScripting.IonicZip.dll
Native extension for WindowsStandalone target not found
Refreshing native plugins compatible for Editor in 244.45 ms, found 4 plugins.
Preloading 0 native plugins for Editor in 0.00 ms.
Mono: successfully reloaded assembly
- Completed reload, in  4.544 seconds
Domain Reload Profiling:
	ReloadAssembly (4546ms)
		BeginReloadAssembly (438ms)
			ExecutionOrderSort (0ms)
			DisableScriptedObjects (9ms)
			BackupInstance (0ms)
			ReleaseScriptingObjects (0ms)
			CreateAndSetChildDomain (36ms)
		EndReloadAssembly (3919ms)
			LoadAssemblies (303ms)
			RebuildTransferFunctionScriptingTraits (0ms)
			SetupTypeCache (768ms)
			ReleaseScriptCaches (1ms)
			RebuildScriptCaches (160ms)
			SetupLoadedEditorAssemblies (2350ms)
				LogAssemblyErrors (0ms)
				InitializePlatformSupportModulesInManaged (28ms)
				SetLoadedEditorAssemblies (1ms)
				RefreshPlugins (245ms)
				BeforeProcessingInitializeOnLoad (281ms)
				ProcessInitializeOnLoadAttributes (1691ms)
				ProcessInitializeOnLoadMethodAttributes (87ms)
				AfterProcessingInitializeOnLoad (18ms)
				EditorAssembliesLoaded (0ms)
			ExecutionOrderSort2 (0ms)
			AwakeInstancesAfterBackupRestoration (16ms)
Platform modules already initialized, skipping
========================================================================
Worker process is ready to serve import requests
Launched and connected shader compiler UnityShaderCompiler.exe after 0.12 seconds
Refreshing native plugins compatible for Editor in 1.71 ms, found 4 plugins.
Preloading 0 native plugins for Editor in 0.00 ms.
Unloading 3924 Unused Serialized files (Serialized files now loaded: 0)
Unloading 35 unused Assets / (55.4 KB). Loaded Objects now: 4382.
Memory consumption went from 151.0 MB to 150.9 MB.
Total: 9.011500 ms (FindLiveObjects: 1.012700 ms CreateObjectMapping: 0.654700 ms MarkObjects: 7.152100 ms  DeleteObjects: 0.189700 ms)

AssetImportParameters requested are different than current active one (requested -> active):
  custom:video-decoder-ogg-theora: a1e56fd34408186e4bbccfd4996cb3dc -> 
  custom:container-muxer-webm: aa71ff27fc2769a1b78a27578f13a17b -> 
  custom:container-demuxer-webm: 4f35f7cbe854078d1ac9338744f61a02 -> 
  custom:video-encoder-webm-vp8: eb34c28f22e8b96e1ab97ce403110664 -> 
  custom:audio-encoder-webm-vorbis: bf7c407c2cedff20999df2af8eb42d56 -> 
  custom:framework-win-MediaFoundation: 216162199b28c13a410421893ffa2e32 -> 
  custom:container-demuxer-ogg: 62fdf1f143b41e24485cea50d1cbac27 -> 
  custom:video-decoder-webm-vp8: 9c59270c3fd7afecdb556c50c9e8de78 -> 
  custom:audio-decoder-ogg-vorbis: bf7c407c2cedff20999df2af8eb42d56 -> 
========================================================================
Received Prepare
Registering precompiled user dll's ...
Registered in 0.016630 seconds.
Begin MonoManager ReloadAssembly
Symbol file LoadedFromMemory doesn't match image C:\Users\elkek\OneDrive\Desktop\Coding Projekt\Syp-Projekt\SYP-Blank-\DungeonGame\Library\PackageCache\com.unity.visualscripting@1.7.8\Editor\VisualScripting.Core\Dependencies\YamlDotNet\Unity.VisualScripting.YamlDotNet.dll
Symbol file LoadedFromMemory doesn't match image C:\Users\elkek\OneDrive\Desktop\Coding Projekt\Syp-Projekt\SYP-Blank-\DungeonGame\Library\PackageCache\com.unity.visualscripting@1.7.8\Editor\VisualScripting.Core\Dependencies\DotNetZip\Unity.VisualScripting.IonicZip.dll
Native extension for WindowsStandalone target not found
Refreshing native plugins compatible for Editor in 1.61 ms, found 4 plugins.
Preloading 0 native plugins for Editor in 0.00 ms.
Mono: successfully reloaded assembly
- Completed reload, in  3.304 seconds
Domain Reload Profiling:
	ReloadAssembly (3305ms)
		BeginReloadAssembly (336ms)
			ExecutionOrderSort (0ms)
			DisableScriptedObjects (19ms)
			BackupInstance (0ms)
			ReleaseScriptingObjects (0ms)
			CreateAndSetChildDomain (90ms)
		EndReloadAssembly (2700ms)
			LoadAssemblies (240ms)
			RebuildTransferFunctionScriptingTraits (0ms)
			SetupTypeCache (600ms)
			ReleaseScriptCaches (3ms)
			RebuildScriptCaches (119ms)
			SetupLoadedEditorAssemblies (1448ms)
				LogAssemblyErrors (0ms)
				InitializePlatformSupportModulesInManaged (36ms)
				SetLoadedEditorAssemblies (2ms)
				RefreshPlugins (2ms)
				BeforeProcessingInitializeOnLoad (207ms)
				ProcessInitializeOnLoadAttributes (1091ms)
				ProcessInitializeOnLoadMethodAttributes (83ms)
				AfterProcessingInitializeOnLoad (28ms)
				EditorAssembliesLoaded (0ms)
			ExecutionOrderSort2 (0ms)
			AwakeInstancesAfterBackupRestoration (29ms)
Platform modules already initialized, skipping
Refreshing native plugins compatible for Editor in 1.30 ms, found 4 plugins.
Preloading 0 native plugins for Editor in 0.00 ms.
Unloading 3913 Unused Serialized files (Serialized files now loaded: 0)
Unloading 24 unused Assets / (24.5 KB). Loaded Objects now: 4385.
Memory consumption went from 150.3 MB to 150.2 MB.
Total: 6.386100 ms (FindLiveObjects: 0.488300 ms CreateObjectMapping: 0.535800 ms MarkObjects: 5.304400 ms  DeleteObjects: 0.055500 ms)

AssetImportParameters requested are different than current active one (requested -> active):
  custom:video-decoder-ogg-theora: a1e56fd34408186e4bbccfd4996cb3dc -> 
  custom:container-muxer-webm: aa71ff27fc2769a1b78a27578f13a17b -> 
  custom:container-demuxer-webm: 4f35f7cbe854078d1ac9338744f61a02 -> 
  custom:video-encoder-webm-vp8: eb34c28f22e8b96e1ab97ce403110664 -> 
  custom:audio-encoder-webm-vorbis: bf7c407c2cedff20999df2af8eb42d56 -> 
  custom:framework-win-MediaFoundation: 216162199b28c13a410421893ffa2e32 -> 
  custom:container-demuxer-ogg: 62fdf1f143b41e24485cea50d1cbac27 -> 
  custom:video-decoder-webm-vp8: 9c59270c3fd7afecdb556c50c9e8de78 -> 
  custom:audio-decoder-ogg-vorbis: bf7c407c2cedff20999df2af8eb42d56 -> 
========================================================================
Received Prepare
Registering precompiled user dll's ...
Registered in 0.016091 seconds.
Begin MonoManager ReloadAssembly
Symbol file LoadedFromMemory doesn't match image C:\Users\elkek\OneDrive\Desktop\Coding Projekt\Syp-Projekt\SYP-Blank-\DungeonGame\Library\PackageCache\com.unity.visualscripting@1.7.8\Editor\VisualScripting.Core\Dependencies\YamlDotNet\Unity.VisualScripting.YamlDotNet.dll
Symbol file LoadedFromMemory doesn't match image C:\Users\elkek\OneDrive\Desktop\Coding Projekt\Syp-Projekt\SYP-Blank-\DungeonGame\Library\PackageCache\com.unity.visualscripting@1.7.8\Editor\VisualScripting.Core\Dependencies\DotNetZip\Unity.VisualScripting.IonicZip.dll
Native extension for WindowsStandalone target not found
Refreshing native plugins compatible for Editor in 1.57 ms, found 4 plugins.
Preloading 0 native plugins for Editor in 0.00 ms.
Mono: successfully reloaded assembly
- Completed reload, in  3.207 seconds
Domain Reload Profiling:
	ReloadAssembly (3208ms)
		BeginReloadAssembly (284ms)
			ExecutionOrderSort (0ms)
			DisableScriptedObjects (14ms)
			BackupInstance (0ms)
			ReleaseScriptingObjects (0ms)
			CreateAndSetChildDomain (81ms)
		EndReloadAssembly (2658ms)
			LoadAssemblies (200ms)
			RebuildTransferFunctionScriptingTraits (0ms)
			SetupTypeCache (684ms)
			ReleaseScriptCaches (3ms)
			RebuildScriptCaches (147ms)
			SetupLoadedEditorAssemblies (1199ms)
				LogAssemblyErrors (0ms)
				InitializePlatformSupportModulesInManaged (33ms)
				SetLoadedEditorAssemblies (1ms)
				RefreshPlugins (2ms)
				BeforeProcessingInitializeOnLoad (193ms)
				ProcessInitializeOnLoadAttributes (858ms)
				ProcessInitializeOnLoadMethodAttributes (86ms)
				AfterProcessingInitializeOnLoad (26ms)
				EditorAssembliesLoaded (0ms)
			ExecutionOrderSort2 (0ms)
			AwakeInstancesAfterBackupRestoration (27ms)
Platform modules already initialized, skipping
Refreshing native plugins compatible for Editor in 1.80 ms, found 4 plugins.
Preloading 0 native plugins for Editor in 0.00 ms.
Unloading 3913 Unused Serialized files (Serialized files now loaded: 0)
Unloading 24 unused Assets / (24.6 KB). Loaded Objects now: 4388.
Memory consumption went from 150.3 MB to 150.2 MB.
Total: 6.686800 ms (FindLiveObjects: 0.466200 ms CreateObjectMapping: 0.497900 ms MarkObjects: 5.675300 ms  DeleteObjects: 0.045200 ms)

AssetImportParameters requested are different than current active one (requested -> active):
  custom:video-decoder-ogg-theora: a1e56fd34408186e4bbccfd4996cb3dc -> 
  custom:container-muxer-webm: aa71ff27fc2769a1b78a27578f13a17b -> 
  custom:container-demuxer-webm: 4f35f7cbe854078d1ac9338744f61a02 -> 
  custom:video-encoder-webm-vp8: eb34c28f22e8b96e1ab97ce403110664 -> 
  custom:audio-encoder-webm-vorbis: bf7c407c2cedff20999df2af8eb42d56 -> 
  custom:framework-win-MediaFoundation: 216162199b28c13a410421893ffa2e32 -> 
  custom:container-demuxer-ogg: 62fdf1f143b41e24485cea50d1cbac27 -> 
  custom:video-decoder-webm-vp8: 9c59270c3fd7afecdb556c50c9e8de78 -> 
  custom:audio-decoder-ogg-vorbis: bf7c407c2cedff20999df2af8eb42d56 -> 
========================================================================
Received Prepare
Registering precompiled user dll's ...
Registered in 0.026267 seconds.
Begin MonoManager ReloadAssembly
Symbol file LoadedFromMemory doesn't match image C:\Users\elkek\OneDrive\Desktop\Coding Projekt\Syp-Projekt\SYP-Blank-\DungeonGame\Library\PackageCache\com.unity.visualscripting@1.7.8\Editor\VisualScripting.Core\Dependencies\YamlDotNet\Unity.VisualScripting.YamlDotNet.dll
Symbol file LoadedFromMemory doesn't match image C:\Users\elkek\OneDrive\Desktop\Coding Projekt\Syp-Projekt\SYP-Blank-\DungeonGame\Library\PackageCache\com.unity.visualscripting@1.7.8\Editor\VisualScripting.Core\Dependencies\DotNetZip\Unity.VisualScripting.IonicZip.dll
Native extension for WindowsStandalone target not found
Refreshing native plugins compatible for Editor in 2.11 ms, found 4 plugins.
Preloading 0 native plugins for Editor in 0.00 ms.
Mono: successfully reloaded assembly
- Completed reload, in  5.040 seconds
Domain Reload Profiling:
	ReloadAssembly (5050ms)
		BeginReloadAssembly (1367ms)
			ExecutionOrderSort (1ms)
			DisableScriptedObjects (213ms)
			BackupInstance (0ms)
			ReleaseScriptingObjects (1ms)
			CreateAndSetChildDomain (660ms)
		EndReloadAssembly (3407ms)
			LoadAssemblies (436ms)
			RebuildTransferFunctionScriptingTraits (1ms)
			SetupTypeCache (1391ms)
			ReleaseScriptCaches (3ms)
			RebuildScriptCaches (180ms)
			SetupLoadedEditorAssemblies (1190ms)
				LogAssemblyErrors (0ms)
				InitializePlatformSupportModulesInManaged (32ms)
				SetLoadedEditorAssemblies (2ms)
				RefreshPlugins (2ms)
				BeforeProcessingInitializeOnLoad (174ms)
				ProcessInitializeOnLoadAttributes (885ms)
				ProcessInitializeOnLoadMethodAttributes (70ms)
				AfterProcessingInitializeOnLoad (25ms)
				EditorAssembliesLoaded (1ms)
			ExecutionOrderSort2 (0ms)
			AwakeInstancesAfterBackupRestoration (26ms)
Platform modules already initialized, skipping
Refreshing native plugins compatible for Editor in 2.40 ms, found 4 plugins.
Preloading 0 native plugins for Editor in 0.00 ms.
Unloading 3914 Unused Serialized files (Serialized files now loaded: 0)
Unloading 24 unused Assets / (24.6 KB). Loaded Objects now: 4392.
Memory consumption went from 150.3 MB to 150.3 MB.
Total: 14.385900 ms (FindLiveObjects: 1.445300 ms CreateObjectMapping: 0.678700 ms MarkObjects: 12.117700 ms  DeleteObjects: 0.140500 ms)

AssetImportParameters requested are different than current active one (requested -> active):
  custom:video-decoder-ogg-theora: a1e56fd34408186e4bbccfd4996cb3dc -> 
  custom:container-muxer-webm: aa71ff27fc2769a1b78a27578f13a17b -> 
  custom:container-demuxer-webm: 4f35f7cbe854078d1ac9338744f61a02 -> 
  custom:video-encoder-webm-vp8: eb34c28f22e8b96e1ab97ce403110664 -> 
  custom:audio-encoder-webm-vorbis: bf7c407c2cedff20999df2af8eb42d56 -> 
  custom:framework-win-MediaFoundation: 216162199b28c13a410421893ffa2e32 -> 
  custom:container-demuxer-ogg: 62fdf1f143b41e24485cea50d1cbac27 -> 
  custom:video-decoder-webm-vp8: 9c59270c3fd7afecdb556c50c9e8de78 -> 
  custom:audio-decoder-ogg-vorbis: bf7c407c2cedff20999df2af8eb42d56 -> 
========================================================================
Received Import Request.
  Time since last request: 97662.367483 seconds.
  path: Assets/Texture/128 x 128/bitmap 128 x 128/Grass_Stone_Top.asset
  artifactKey: Guid(abd7470474efac249a8ad5b0f39264a9) Importer(815301076,1909f56bfc062723c751e8b465ee728b)
Start importing Assets/Texture/128 x 128/bitmap 128 x 128/Grass_Stone_Top.asset using Guid(abd7470474efac249a8ad5b0f39264a9) Importer(815301076,1909f56bfc062723c751e8b465ee728b)  -> (artifact id: 'c7b7cb20e17f432ac1f9190978cf0ab9') in 0.342625 seconds 
========================================================================
Received Import Request.
  Time since last request: 0.000041 seconds.
  path: Assets/Texture/TilePaletteSprites/mk_16_16_nature_tileset_1.asset
  artifactKey: Guid(85aca366f1ed7d646ac6aa290ee27120) Importer(815301076,1909f56bfc062723c751e8b465ee728b)
Start importing Assets/Texture/TilePaletteSprites/mk_16_16_nature_tileset_1.asset using Guid(85aca366f1ed7d646ac6aa290ee27120) Importer(815301076,1909f56bfc062723c751e8b465ee728b)  -> (artifact id: 'df58889991e1fbc0c83a28e1c72912d3') in 0.091318 seconds 
========================================================================
Received Import Request.
  Time since last request: 0.000057 seconds.
  path: Assets/Texture/TilePaletteSprites/mk_16_16_nature_tileset_2.asset
  artifactKey: Guid(7f6c55479ad395449b80e22f645d175a) Importer(815301076,1909f56bfc062723c751e8b465ee728b)
Start importing Assets/Texture/TilePaletteSprites/mk_16_16_nature_tileset_2.asset using Guid(7f6c55479ad395449b80e22f645d175a) Importer(815301076,1909f56bfc062723c751e8b465ee728b)  -> (artifact id: '6f47e5efba30c99d3cfd0c34f21c647d') in 0.070674 seconds 
========================================================================
Received Import Request.
  Time since last request: 0.000041 seconds.
  path: Assets/Texture/128 x 128/bitmap 128 x 128/Island_Bottom_Half.asset
  artifactKey: Guid(c13aff92143eb424296af682bf944bf4) Importer(815301076,1909f56bfc062723c751e8b465ee728b)
Start importing Assets/Texture/128 x 128/bitmap 128 x 128/Island_Bottom_Half.asset using Guid(c13aff92143eb424296af682bf944bf4) Importer(815301076,1909f56bfc062723c751e8b465ee728b)  -> (artifact id: '185baa6ea2ff2627beca8d079bf7397b') in 0.067709 seconds 
========================================================================
Received Import Request.
  Time since last request: 1.029912 seconds.
  path: Assets/Texture/TilePaletteSprites/mk_16_16_nature_tileset_4.asset
  artifactKey: Guid(97c9110c2678464449f7420941542ab7) Importer(815301076,1909f56bfc062723c751e8b465ee728b)
Start importing Assets/Texture/TilePaletteSprites/mk_16_16_nature_tileset_4.asset using Guid(97c9110c2678464449f7420941542ab7) Importer(815301076,1909f56bfc062723c751e8b465ee728b)  -> (artifact id: 'fa2c3652c7082120cdc765ffc364a9bc') in 0.033049 seconds 
========================================================================
Received Import Request.
  Time since last request: 0.123353 seconds.
  path: Assets/Texture/TilePaletteSprites/mk_16_16_nature_tileset_6.asset
  artifactKey: Guid(d3c4a64f0756b7f48bad81eea0767f2a) Importer(815301076,1909f56bfc062723c751e8b465ee728b)
Start importing Assets/Texture/TilePaletteSprites/mk_16_16_nature_tileset_6.asset using Guid(d3c4a64f0756b7f48bad81eea0767f2a) Importer(815301076,1909f56bfc062723c751e8b465ee728b)  -> (artifact id: '2fe124a53ec9a209f04c5adb55928c54') in 0.030256 seconds 
========================================================================
Received Import Request.
  Time since last request: 0.626208 seconds.
  path: Assets/Texture/TilePaletteSprites/mk_16_16_nature_tileset_8.asset
  artifactKey: Guid(2b4f153ca6e42f5449daca8c40132363) Importer(815301076,1909f56bfc062723c751e8b465ee728b)
Start importing Assets/Texture/TilePaletteSprites/mk_16_16_nature_tileset_8.asset using Guid(2b4f153ca6e42f5449daca8c40132363) Importer(815301076,1909f56bfc062723c751e8b465ee728b)  -> (artifact id: '01dd519c5ec475eff4c46d53d93c71b6') in 0.033251 seconds 
========================================================================
Received Import Request.
  Time since last request: 0.380979 seconds.
  path: Assets/Texture/TilePaletteSprites/mk_16_16_nature_tileset_10.asset
  artifactKey: Guid(832c80d11996bd84da6e3241dddb7f38) Importer(815301076,1909f56bfc062723c751e8b465ee728b)
Start importing Assets/Texture/TilePaletteSprites/mk_16_16_nature_tileset_10.asset using Guid(832c80d11996bd84da6e3241dddb7f38) Importer(815301076,1909f56bfc062723c751e8b465ee728b)  -> (artifact id: '72730ab9c40802b68530898c28e0d64e') in 0.053106 seconds 
========================================================================
Received Import Request.
  Time since last request: 0.000047 seconds.
  path: Assets/Texture/TilePaletteSprites/mk_16_16_nature_tileset_12.asset
  artifactKey: Guid(b51410e62e3619049907339cc8225805) Importer(815301076,1909f56bfc062723c751e8b465ee728b)
Start importing Assets/Texture/TilePaletteSprites/mk_16_16_nature_tileset_12.asset using Guid(b51410e62e3619049907339cc8225805) Importer(815301076,1909f56bfc062723c751e8b465ee728b)  -> (artifact id: '1b2125ec76e5c116cb156d7119bcba21') in 0.065992 seconds 
========================================================================
Received Import Request.
  Time since last request: 0.000060 seconds.
  path: Assets/Texture/TilePaletteSprites/mk_16_16_nature_tileset_13.asset
  artifactKey: Guid(7283273d2d2aeb34ca50c434fb5d27ca) Importer(815301076,1909f56bfc062723c751e8b465ee728b)
Start importing Assets/Texture/TilePaletteSprites/mk_16_16_nature_tileset_13.asset using Guid(7283273d2d2aeb34ca50c434fb5d27ca) Importer(815301076,1909f56bfc062723c751e8b465ee728b)  -> (artifact id: '8f4b427c3ae8e5a1efebed68aaf5d1c6') in 0.115691 seconds 
========================================================================
Received Import Request.
  Time since last request: 0.000036 seconds.
  path: Assets/Texture/TilePaletteSprites/mk_16_16_nature_tileset_15.asset
  artifactKey: Guid(19232cc17bc793c49bd88541ec155523) Importer(815301076,1909f56bfc062723c751e8b465ee728b)
Start importing Assets/Texture/TilePaletteSprites/mk_16_16_nature_tileset_15.asset using Guid(19232cc17bc793c49bd88541ec155523) Importer(815301076,1909f56bfc062723c751e8b465ee728b)  -> (artifact id: '561772e386c37f19211e8f7864edfd3f') in 0.053331 seconds 
========================================================================
Received Import Request.
  Time since last request: 2.610574 seconds.
  path: Assets/Texture/TilePaletteSprites/mk_16_16_nature_tileset_18.asset
  artifactKey: Guid(71ada30c41ab23a448354dad62f84430) Importer(815301076,1909f56bfc062723c751e8b465ee728b)
Start importing Assets/Texture/TilePaletteSprites/mk_16_16_nature_tileset_18.asset using Guid(71ada30c41ab23a448354dad62f84430) Importer(815301076,1909f56bfc062723c751e8b465ee728b)  -> (artifact id: 'c8b8642643081e3e77a221f07f5137a1') in 0.040604 seconds 
========================================================================
Received Import Request.
  Time since last request: 0.000043 seconds.
  path: Assets/Texture/TilePaletteSprites/mk_16_16_nature_tileset_20.asset
  artifactKey: Guid(d5fe29b33bfb5674b98b38a18ae3c2c6) Importer(815301076,1909f56bfc062723c751e8b465ee728b)
Start importing Assets/Texture/TilePaletteSprites/mk_16_16_nature_tileset_20.asset using Guid(d5fe29b33bfb5674b98b38a18ae3c2c6) Importer(815301076,1909f56bfc062723c751e8b465ee728b)  -> (artifact id: '23bdc423cc1bf6893afed61d7cce5409') in 0.044014 seconds 
========================================================================
Received Import Request.
  Time since last request: 0.006992 seconds.
  path: Assets/Texture/TilePaletteSprites/mk_16_16_nature_tileset_22.asset
  artifactKey: Guid(b78c46ca01780f54fa0137287f7da486) Importer(815301076,1909f56bfc062723c751e8b465ee728b)
Start importing Assets/Texture/TilePaletteSprites/mk_16_16_nature_tileset_22.asset using Guid(b78c46ca01780f54fa0137287f7da486) Importer(815301076,1909f56bfc062723c751e8b465ee728b)  -> (artifact id: '05226c9cf5f4df8cb13f6a0a0ceacf08') in 0.052123 seconds 
========================================================================
Received Import Request.
  Time since last request: 0.176761 seconds.
  path: Assets/Texture/TilePaletteSprites/mk_16_16_nature_tileset_24.asset
  artifactKey: Guid(f312f7cc9061f504fbe7d6240d46cdbe) Importer(815301076,1909f56bfc062723c751e8b465ee728b)
Start importing Assets/Texture/TilePaletteSprites/mk_16_16_nature_tileset_24.asset using Guid(f312f7cc9061f504fbe7d6240d46cdbe) Importer(815301076,1909f56bfc062723c751e8b465ee728b)  -> (artifact id: '8131b30618add2e57de1687f92a5062b') in 0.060846 seconds 
========================================================================
Received Import Request.
  Time since last request: 0.000037 seconds.
  path: Assets/Texture/TilePaletteSprites/mk_16_16_nature_tileset_28.asset
  artifactKey: Guid(88c60184c1832564fbbe1ee1126ff97a) Importer(815301076,1909f56bfc062723c751e8b465ee728b)
Start importing Assets/Texture/TilePaletteSprites/mk_16_16_nature_tileset_28.asset using Guid(88c60184c1832564fbbe1ee1126ff97a) Importer(815301076,1909f56bfc062723c751e8b465ee728b)  -> (artifact id: '5850aeb4a8f50b41a0d10167772ed2c2') in 0.071449 seconds 
========================================================================
Received Import Request.
  Time since last request: 0.000044 seconds.
  path: Assets/Texture/TilePaletteSprites/mk_16_16_nature_tileset_27.asset
  artifactKey: Guid(ad1e6e0f670cbfd40a541b4709db6d9c) Importer(815301076,1909f56bfc062723c751e8b465ee728b)
Start importing Assets/Texture/TilePaletteSprites/mk_16_16_nature_tileset_27.asset using Guid(ad1e6e0f670cbfd40a541b4709db6d9c) Importer(815301076,1909f56bfc062723c751e8b465ee728b)  -> (artifact id: 'e4e12cf1063cb54d1725695252f10637') in 0.135161 seconds 
========================================================================
Received Import Request.
  Time since last request: 0.000062 seconds.
  path: Assets/Texture/TilePaletteSprites/mk_16_16_nature_tileset_29.asset
  artifactKey: Guid(d67b3bb62b523c04e8714939b1d67119) Importer(815301076,1909f56bfc062723c751e8b465ee728b)
Start importing Assets/Texture/TilePaletteSprites/mk_16_16_nature_tileset_29.asset using Guid(d67b3bb62b523c04e8714939b1d67119) Importer(815301076,1909f56bfc062723c751e8b465ee728b)  -> (artifact id: 'f9526ffb6f9e170ddcf223b1799093ce') in 0.087682 seconds 
========================================================================
Received Import Request.
  Time since last request: 0.000057 seconds.
  path: Assets/Texture/TilePaletteSprites/mk_16_16_nature_tileset_32.asset
  artifactKey: Guid(0ad3b49ed06ad3b43924c447afb3032a) Importer(815301076,1909f56bfc062723c751e8b465ee728b)
Start importing Assets/Texture/TilePaletteSprites/mk_16_16_nature_tileset_32.asset using Guid(0ad3b49ed06ad3b43924c447afb3032a) Importer(815301076,1909f56bfc062723c751e8b465ee728b)  -> (artifact id: '5c4096119ffaebcae700b78aae2aa468') in 0.051361 seconds 
========================================================================
Received Import Request.
  Time since last request: 0.000039 seconds.
  path: Assets/Texture/TilePaletteSprites/mk_16_16_nature_tileset_37.asset
  artifactKey: Guid(7fabcdd3e61183849b4282d684064938) Importer(815301076,1909f56bfc062723c751e8b465ee728b)
Start importing Assets/Texture/TilePaletteSprites/mk_16_16_nature_tileset_37.asset using Guid(7fabcdd3e61183849b4282d684064938) Importer(815301076,1909f56bfc062723c751e8b465ee728b)  -> (artifact id: 'de5f979763bb52b573e3fcedf48c6a61') in 0.050814 seconds 
========================================================================
Received Import Request.
  Time since last request: 0.000046 seconds.
  path: Assets/Texture/TilePaletteSprites/mk_16_16_nature_tileset_33.asset
  artifactKey: Guid(df1d53b3ac4845a419af2bd446004f64) Importer(815301076,1909f56bfc062723c751e8b465ee728b)
Start importing Assets/Texture/TilePaletteSprites/mk_16_16_nature_tileset_33.asset using Guid(df1d53b3ac4845a419af2bd446004f64) Importer(815301076,1909f56bfc062723c751e8b465ee728b)  -> (artifact id: '7328f3f8f3225a7ba654d4d32d18b1a0') in 0.045696 seconds 
========================================================================
Received Import Request.
  Time since last request: 0.000063 seconds.
  path: Assets/Texture/TilePaletteSprites/mk_16_16_nature_tileset_36.asset
  artifactKey: Guid(4bf64ea6ec19057469b8dc8bab8ca83f) Importer(815301076,1909f56bfc062723c751e8b465ee728b)
Start importing Assets/Texture/TilePaletteSprites/mk_16_16_nature_tileset_36.asset using Guid(4bf64ea6ec19057469b8dc8bab8ca83f) Importer(815301076,1909f56bfc062723c751e8b465ee728b)  -> (artifact id: '3d22973d0d54dd564e42730f66eb1e53') in 0.047027 seconds 
========================================================================
Received Import Request.
  Time since last request: 10.386501 seconds.
  path: Assets/Texture/128 x 128/Enemy.png
  artifactKey: Guid(68769b73f1e8ce641acd9a514af3bd22) Importer(815301076,1909f56bfc062723c751e8b465ee728b)
Start importing Assets/Texture/128 x 128/Enemy.png using Guid(68769b73f1e8ce641acd9a514af3bd22) Importer(815301076,1909f56bfc062723c751e8b465ee728b)  -> (artifact id: '56ff655e4ff19e1fcf5c2dad1f4ac869') in 0.315564 seconds 
========================================================================
Received Import Request.
  Time since last request: 0.000041 seconds.
  path: Assets/Texture/128 x 128/Stone.png
  artifactKey: Guid(6be0e6335119c254c837c1880d4ac2a2) Importer(815301076,1909f56bfc062723c751e8b465ee728b)
Start importing Assets/Texture/128 x 128/Stone.png using Guid(6be0e6335119c254c837c1880d4ac2a2) Importer(815301076,1909f56bfc062723c751e8b465ee728b)  -> (artifact id: 'eccd632a9662fe38fe63c0f5375cba6b') in 0.065331 seconds 
========================================================================
Received Import Request.
  Time since last request: 0.000074 seconds.
  path: Assets/Texture/128 x 128/S_ItemNoOutline_CoinGold_00.prefab
  artifactKey: Guid(49680ca6c527c354c8fedffb38c606b4) Importer(815301076,1909f56bfc062723c751e8b465ee728b)
Start importing Assets/Texture/128 x 128/S_ItemNoOutline_CoinGold_00.prefab using Guid(49680ca6c527c354c8fedffb38c606b4) Importer(815301076,1909f56bfc062723c751e8b465ee728b)  -> (artifact id: 'a685778fd278fdb72f0988941a0be383') in 0.049309 seconds 
========================================================================
Received Import Request.
  Time since last request: 0.000043 seconds.
  path: Assets/Texture/128 x 128/Grass_Stone_Top(V2).png
  artifactKey: Guid(8316c00c7a22cc54c9baee302bca9654) Importer(815301076,1909f56bfc062723c751e8b465ee728b)
Start importing Assets/Texture/128 x 128/Grass_Stone_Top(V2).png using Guid(8316c00c7a22cc54c9baee302bca9654) Importer(815301076,1909f56bfc062723c751e8b465ee728b)  -> (artifact id: 'c969e0734e976720a457d0df362a72bf') in 0.038679 seconds 
========================================================================
Received Import Request.
  Time since last request: 0.000039 seconds.
  path: Assets/Texture/128 x 128/Grass_Stone_Top.png
  artifactKey: Guid(43db7021c0d353449ad5801bf8c145ec) Importer(815301076,1909f56bfc062723c751e8b465ee728b)
Start importing Assets/Texture/128 x 128/Grass_Stone_Top.png using Guid(43db7021c0d353449ad5801bf8c145ec) Importer(815301076,1909f56bfc062723c751e8b465ee728b)  -> (artifact id: 'e8d66e64216554c0b1576a140644ba30') in 0.049400 seconds 
========================================================================
Received Import Request.
  Time since last request: 0.000038 seconds.
  path: Assets/Texture/128 x 128/Spike_Solo_128_Pixel.png
  artifactKey: Guid(e7169205196a5bf448eaba3138723d98) Importer(815301076,1909f56bfc062723c751e8b465ee728b)
Start importing Assets/Texture/128 x 128/Spike_Solo_128_Pixel.png using Guid(e7169205196a5bf448eaba3138723d98) Importer(815301076,1909f56bfc062723c751e8b465ee728b)  -> (artifact id: '260c14de26ecf02751154633101b9a07') in 0.058829 seconds 
========================================================================
Received Import Request.
  Time since last request: 7.150621 seconds.
  path: Assets/Texture/TilePaletteSprites/mk_16_16_nature_tileset_39.asset
  artifactKey: Guid(c059352a7a17ea44d9593aca52b961a2) Importer(815301076,1909f56bfc062723c751e8b465ee728b)
Start importing Assets/Texture/TilePaletteSprites/mk_16_16_nature_tileset_39.asset using Guid(c059352a7a17ea44d9593aca52b961a2) Importer(815301076,1909f56bfc062723c751e8b465ee728b)  -> (artifact id: '9973f387e81ad51366666b1920812ab4') in 0.036202 seconds 
========================================================================
Received Import Request.
  Time since last request: 0.000035 seconds.
  path: Assets/Texture/TilePaletteSprites/mk_16_16_nature_tileset_40.asset
  artifactKey: Guid(3694973179df7df4a9981ade3606bf5a) Importer(815301076,1909f56bfc062723c751e8b465ee728b)
Start importing Assets/Texture/TilePaletteSprites/mk_16_16_nature_tileset_40.asset using Guid(3694973179df7df4a9981ade3606bf5a) Importer(815301076,1909f56bfc062723c751e8b465ee728b)  -> (artifact id: '50a881a248d81e3f8cb29ffd798bdeb4') in 0.036881 seconds 
========================================================================
Received Import Request.
  Time since last request: 0.344663 seconds.
  path: Assets/Texture/TilePaletteSprites/mk_16_16_nature_tileset_41.asset
  artifactKey: Guid(376b0c5262b08d944b8b19888045f2f6) Importer(815301076,1909f56bfc062723c751e8b465ee728b)
Start importing Assets/Texture/TilePaletteSprites/mk_16_16_nature_tileset_41.asset using Guid(376b0c5262b08d944b8b19888045f2f6) Importer(815301076,1909f56bfc062723c751e8b465ee728b)  -> (artifact id: '184a3ad2a4da36c9603963ff82e34a3b') in 0.033460 seconds 
========================================================================
Received Import Request.
  Time since last request: 0.000040 seconds.
  path: Assets/Texture/TilePaletteSprites/mk_16_16_nature_tileset_52.asset
  artifactKey: Guid(7e2fabb0e3b94344dbdc8b39ed6ef6a5) Importer(815301076,1909f56bfc062723c751e8b465ee728b)
Start importing Assets/Texture/TilePaletteSprites/mk_16_16_nature_tileset_52.asset using Guid(7e2fabb0e3b94344dbdc8b39ed6ef6a5) Importer(815301076,1909f56bfc062723c751e8b465ee728b)  -> (artifact id: '740a781d1989124509dbd4b74151be98') in 0.044444 seconds 
========================================================================
Received Import Request.
  Time since last request: 0.000042 seconds.
  path: Assets/Texture/TilePaletteSprites/mk_16_16_nature_tileset_58.asset
  artifactKey: Guid(d68fe65706aad174a876cdcaa8882b34) Importer(815301076,1909f56bfc062723c751e8b465ee728b)
Start importing Assets/Texture/TilePaletteSprites/mk_16_16_nature_tileset_58.asset using Guid(d68fe65706aad174a876cdcaa8882b34) Importer(815301076,1909f56bfc062723c751e8b465ee728b)  -> (artifact id: '4082f2aeb5ea533d895e89d06222ff73') in 0.030551 seconds 
========================================================================
Received Import Request.
  Time since last request: 0.000049 seconds.
  path: Assets/Texture/TilePaletteSprites/mk_16_16_nature_tileset_48.asset
  artifactKey: Guid(7f223b046b8464f46a5331417ecd21e1) Importer(815301076,1909f56bfc062723c751e8b465ee728b)
Start importing Assets/Texture/TilePaletteSprites/mk_16_16_nature_tileset_48.asset using Guid(7f223b046b8464f46a5331417ecd21e1) Importer(815301076,1909f56bfc062723c751e8b465ee728b)  -> (artifact id: 'f733aa7af33af0f16fa8d7257179519c') in 0.037051 seconds 
========================================================================
Received Import Request.
  Time since last request: 0.000052 seconds.
  path: Assets/Texture/TilePaletteSprites/mk_16_16_nature_tileset_45.asset
  artifactKey: Guid(cdb3211fe340c834d8fdc54aef58dd66) Importer(815301076,1909f56bfc062723c751e8b465ee728b)
Start importing Assets/Texture/TilePaletteSprites/mk_16_16_nature_tileset_45.asset using Guid(cdb3211fe340c834d8fdc54aef58dd66) Importer(815301076,1909f56bfc062723c751e8b465ee728b)  -> (artifact id: '5dd9c55517c827f9e3edddff62cc3b46') in 0.036715 seconds 
========================================================================
Received Import Request.
  Time since last request: 0.000039 seconds.
  path: Assets/Texture/TilePaletteSprites/mk_16_16_nature_tileset_54.asset
  artifactKey: Guid(87247b1813dc4dd4f899b8160badb34d) Importer(815301076,1909f56bfc062723c751e8b465ee728b)
Start importing Assets/Texture/TilePaletteSprites/mk_16_16_nature_tileset_54.asset using Guid(87247b1813dc4dd4f899b8160badb34d) Importer(815301076,1909f56bfc062723c751e8b465ee728b)  -> (artifact id: 'fbadbbbdb063a94a5a102a5aea6cb59f') in 0.038025 seconds 
========================================================================
Received Import Request.
  Time since last request: 0.000045 seconds.
  path: Assets/Texture/TilePaletteSprites/mk_16_16_nature_tileset_55.asset
  artifactKey: Guid(b90211fb10116b3478733c88944d6e98) Importer(815301076,1909f56bfc062723c751e8b465ee728b)
Start importing Assets/Texture/TilePaletteSprites/mk_16_16_nature_tileset_55.asset using Guid(b90211fb10116b3478733c88944d6e98) Importer(815301076,1909f56bfc062723c751e8b465ee728b)  -> (artifact id: 'b197e0c15d3b3694f3a512411d0c242d') in 0.033002 seconds 
========================================================================
Received Import Request.
  Time since last request: 0.000060 seconds.
  path: Assets/Texture/TilePaletteSprites/mk_16_16_nature_tileset_56.asset
  artifactKey: Guid(07e4081ad280b0d4a856e6010c136a56) Importer(815301076,1909f56bfc062723c751e8b465ee728b)
Start importing Assets/Texture/TilePaletteSprites/mk_16_16_nature_tileset_56.asset using Guid(07e4081ad280b0d4a856e6010c136a56) Importer(815301076,1909f56bfc062723c751e8b465ee728b)  -> (artifact id: '7dae01bd301727ea147a050879549483') in 0.030962 seconds 
========================================================================
Received Import Request.
  Time since last request: 0.000060 seconds.
  path: Assets/Texture/TilePaletteSprites/mk_16_16_nature_tileset_50.asset
  artifactKey: Guid(e8953a436e5495e4295a5aef9e27069f) Importer(815301076,1909f56bfc062723c751e8b465ee728b)
Start importing Assets/Texture/TilePaletteSprites/mk_16_16_nature_tileset_50.asset using Guid(e8953a436e5495e4295a5aef9e27069f) Importer(815301076,1909f56bfc062723c751e8b465ee728b)  -> (artifact id: '93c3bfa02f763dcf143d5accd7e20059') in 0.034284 seconds 
========================================================================
Received Import Request.
  Time since last request: 0.000042 seconds.
  path: Assets/Texture/TilePaletteSprites/mk_16_16_nature_tileset_49.asset
  artifactKey: Guid(8c3ffa13a2d4f3c45a79feb6d6408c32) Importer(815301076,1909f56bfc062723c751e8b465ee728b)
Start importing Assets/Texture/TilePaletteSprites/mk_16_16_nature_tileset_49.asset using Guid(8c3ffa13a2d4f3c45a79feb6d6408c32) Importer(815301076,1909f56bfc062723c751e8b465ee728b)  -> (artifact id: 'd9d2a978ab49ee1ee321116f2726eae3') in 0.032644 seconds 
========================================================================
Received Import Request.
  Time since last request: 0.000044 seconds.
  path: Assets/Texture/TilePaletteSprites/mk_16_16_nature_tileset_53.asset
  artifactKey: Guid(58f3dc4200177cb4997672a7fef9e1da) Importer(815301076,1909f56bfc062723c751e8b465ee728b)
Start importing Assets/Texture/TilePaletteSprites/mk_16_16_nature_tileset_53.asset using Guid(58f3dc4200177cb4997672a7fef9e1da) Importer(815301076,1909f56bfc062723c751e8b465ee728b)  -> (artifact id: '4fc362184be4a0504b9decdfb69384fc') in 0.032058 seconds 
========================================================================
Received Import Request.
  Time since last request: 0.000043 seconds.
  path: Assets/Texture/TilePaletteSprites/mk_16_16_nature_tileset_42.asset
  artifactKey: Guid(2a55460ec22402f4cb06fe1adc3a8af9) Importer(815301076,1909f56bfc062723c751e8b465ee728b)
Start importing Assets/Texture/TilePaletteSprites/mk_16_16_nature_tileset_42.asset using Guid(2a55460ec22402f4cb06fe1adc3a8af9) Importer(815301076,1909f56bfc062723c751e8b465ee728b)  -> (artifact id: 'ab49cec5d95cb5b4ee46e78fb4e39cba') in 0.035631 seconds 
========================================================================
Received Import Request.
  Time since last request: 0.000043 seconds.
  path: Assets/Texture/TilePaletteSprites/mk_16_16_nature_tileset_62.asset
  artifactKey: Guid(0164542978d7eb84e9c436a86b52e24b) Importer(815301076,1909f56bfc062723c751e8b465ee728b)
Start importing Assets/Texture/TilePaletteSprites/mk_16_16_nature_tileset_62.asset using Guid(0164542978d7eb84e9c436a86b52e24b) Importer(815301076,1909f56bfc062723c751e8b465ee728b)  -> (artifact id: '3c3f59640418e815c3b85bd51a88084a') in 0.033492 seconds 
========================================================================
Received Import Request.
  Time since last request: 0.000043 seconds.
  path: Assets/Texture/TilePaletteSprites/mk_16_16_nature_tileset_64.asset
  artifactKey: Guid(000d87cb5320dfa4b9236fd1dda9c562) Importer(815301076,1909f56bfc062723c751e8b465ee728b)
Start importing Assets/Texture/TilePaletteSprites/mk_16_16_nature_tileset_64.asset using Guid(000d87cb5320dfa4b9236fd1dda9c562) Importer(815301076,1909f56bfc062723c751e8b465ee728b)  -> (artifact id: '4d343c9997cf9031ba1209e9fea7aeb5') in 0.031506 seconds 
========================================================================
Received Import Request.
  Time since last request: 0.000052 seconds.
  path: Assets/Texture/TilePaletteSprites/mk_16_16_nature_tileset_44.asset
  artifactKey: Guid(60193df521579e84fbd5a0ab2dc05e52) Importer(815301076,1909f56bfc062723c751e8b465ee728b)
Start importing Assets/Texture/TilePaletteSprites/mk_16_16_nature_tileset_44.asset using Guid(60193df521579e84fbd5a0ab2dc05e52) Importer(815301076,1909f56bfc062723c751e8b465ee728b)  -> (artifact id: '6ae5d154110afe3e2fb0a467301fd59b') in 0.030432 seconds 
========================================================================
Received Import Request.
  Time since last request: 0.000036 seconds.
  path: Assets/Texture/TilePaletteSprites/mk_16_16_nature_tileset_57.asset
  artifactKey: Guid(80fa13b5b5a90af47ba3b31b58e2ab2d) Importer(815301076,1909f56bfc062723c751e8b465ee728b)
Start importing Assets/Texture/TilePaletteSprites/mk_16_16_nature_tileset_57.asset using Guid(80fa13b5b5a90af47ba3b31b58e2ab2d) Importer(815301076,1909f56bfc062723c751e8b465ee728b)  -> (artifact id: '480c9d450b1a338790562790ef969630') in 0.036246 seconds 
========================================================================
Received Import Request.
  Time since last request: 0.000052 seconds.
  path: Assets/Texture/TilePaletteSprites/mk_16_16_nature_tileset_51.asset
  artifactKey: Guid(ab230359bed2f7f45aa0ecb9184ad9be) Importer(815301076,1909f56bfc062723c751e8b465ee728b)
Start importing Assets/Texture/TilePaletteSprites/mk_16_16_nature_tileset_51.asset using Guid(ab230359bed2f7f45aa0ecb9184ad9be) Importer(815301076,1909f56bfc062723c751e8b465ee728b)  -> (artifact id: '686bd1fd258dd4e29c6dc5cda824f3eb') in 0.031786 seconds 
========================================================================
Received Import Request.
  Time since last request: 0.000043 seconds.
  path: Assets/Texture/TilePaletteSprites/mk_16_16_nature_tileset_61.asset
  artifactKey: Guid(3e53fc8a299ca9445ba9c685d29860e7) Importer(815301076,1909f56bfc062723c751e8b465ee728b)
Start importing Assets/Texture/TilePaletteSprites/mk_16_16_nature_tileset_61.asset using Guid(3e53fc8a299ca9445ba9c685d29860e7) Importer(815301076,1909f56bfc062723c751e8b465ee728b)  -> (artifact id: '3cbd103b7f6bbff1825129be5839d41f') in 0.036998 seconds 
========================================================================
Received Import Request.
  Time since last request: 0.000045 seconds.
  path: Assets/Texture/TilePaletteSprites/mk_16_16_nature_tileset_46.asset
  artifactKey: Guid(c1a4c26385b5a7342989d0adc8e6cca5) Importer(815301076,1909f56bfc062723c751e8b465ee728b)
Start importing Assets/Texture/TilePaletteSprites/mk_16_16_nature_tileset_46.asset using Guid(c1a4c26385b5a7342989d0adc8e6cca5) Importer(815301076,1909f56bfc062723c751e8b465ee728b)  -> (artifact id: '9f7155ffb6ee565ad27b9cdf5b754af6') in 0.039781 seconds 
========================================================================
Received Import Request.
  Time since last request: 0.000049 seconds.
  path: Assets/Texture/TilePaletteSprites/mk_16_16_nature_tileset_59.asset
  artifactKey: Guid(1145d4fa4a48fcc4d93509877ed1c3d1) Importer(815301076,1909f56bfc062723c751e8b465ee728b)
Start importing Assets/Texture/TilePaletteSprites/mk_16_16_nature_tileset_59.asset using Guid(1145d4fa4a48fcc4d93509877ed1c3d1) Importer(815301076,1909f56bfc062723c751e8b465ee728b)  -> (artifact id: '17c8d1862544d12cab760e5062f5f180') in 0.040667 seconds 
========================================================================
Received Import Request.
  Time since last request: 0.000057 seconds.
  path: Assets/Texture/TilePaletteSprites/mk_16_16_nature_tileset_47.asset
  artifactKey: Guid(987a9ce9d03568646ac47e9374c734fe) Importer(815301076,1909f56bfc062723c751e8b465ee728b)
Start importing Assets/Texture/TilePaletteSprites/mk_16_16_nature_tileset_47.asset using Guid(987a9ce9d03568646ac47e9374c734fe) Importer(815301076,1909f56bfc062723c751e8b465ee728b)  -> (artifact id: 'feb838271a04e4fbb938f8fc9d793877') in 0.050125 seconds 
========================================================================
Received Import Request.
  Time since last request: 0.000045 seconds.
  path: Assets/Texture/TilePaletteSprites/mk_16_16_nature_tileset_63.asset
  artifactKey: Guid(b893e2a811f7b654f803e4c0795a72f7) Importer(815301076,1909f56bfc062723c751e8b465ee728b)
Start importing Assets/Texture/TilePaletteSprites/mk_16_16_nature_tileset_63.asset using Guid(b893e2a811f7b654f803e4c0795a72f7) Importer(815301076,1909f56bfc062723c751e8b465ee728b)  -> (artifact id: 'e92049051069d778ad144941a396e46f') in 0.039345 seconds 
========================================================================
Received Import Request.
  Time since last request: 0.000037 seconds.
  path: Assets/Texture/TilePaletteSprites/mk_16_16_nature_tileset_60.asset
  artifactKey: Guid(e73293543967bfd4c9209d8aa1b96945) Importer(815301076,1909f56bfc062723c751e8b465ee728b)
Start importing Assets/Texture/TilePaletteSprites/mk_16_16_nature_tileset_60.asset using Guid(e73293543967bfd4c9209d8aa1b96945) Importer(815301076,1909f56bfc062723c751e8b465ee728b)  -> (artifact id: 'c23388c1c884b569b67263085c7f0784') in 0.040854 seconds 
========================================================================
Received Import Request.
  Time since last request: 0.000039 seconds.
  path: Assets/Texture/TilePaletteSprites/mk_16_16_nature_tileset_43.asset
  artifactKey: Guid(878979acdcc6e8841a7c63a03881c666) Importer(815301076,1909f56bfc062723c751e8b465ee728b)
Start importing Assets/Texture/TilePaletteSprites/mk_16_16_nature_tileset_43.asset using Guid(878979acdcc6e8841a7c63a03881c666) Importer(815301076,1909f56bfc062723c751e8b465ee728b)  -> (artifact id: '7a8ef86151ec7cd4dee714f55533052b') in 0.032032 seconds 
========================================================================
Received Import Request.
  Time since last request: 2.395986 seconds.
  path: Assets/Texture/TilePaletteSprites/mk_16_16_nature_tileset_66.asset
  artifactKey: Guid(abbde351e067a234384b4e71978acc40) Importer(815301076,1909f56bfc062723c751e8b465ee728b)
Start importing Assets/Texture/TilePaletteSprites/mk_16_16_nature_tileset_66.asset using Guid(abbde351e067a234384b4e71978acc40) Importer(815301076,1909f56bfc062723c751e8b465ee728b)  -> (artifact id: 'f95a523f9aea23c3f8247dd859e3f822') in 0.028205 seconds 
========================================================================
Received Import Request.
  Time since last request: 0.000039 seconds.
  path: Assets/Texture/TilePaletteSprites/mk_16_16_nature_tileset_72.asset
  artifactKey: Guid(c2127d02a7352dd43b5747160681617d) Importer(815301076,1909f56bfc062723c751e8b465ee728b)
Start importing Assets/Texture/TilePaletteSprites/mk_16_16_nature_tileset_72.asset using Guid(c2127d02a7352dd43b5747160681617d) Importer(815301076,1909f56bfc062723c751e8b465ee728b)  -> (artifact id: '4bd5bfdb8075a88b0a919dda3bdfa3ad') in 0.030780 seconds 
========================================================================
Received Import Request.
  Time since last request: 0.000044 seconds.
  path: Assets/Texture/TilePaletteSprites/mk_16_16_nature_tileset_77.asset
  artifactKey: Guid(503ed2ed978089740adfb5bed18627b1) Importer(815301076,1909f56bfc062723c751e8b465ee728b)
Start importing Assets/Texture/TilePaletteSprites/mk_16_16_nature_tileset_77.asset using Guid(503ed2ed978089740adfb5bed18627b1) Importer(815301076,1909f56bfc062723c751e8b465ee728b)  -> (artifact id: '839b289a0917db5e3018521119836384') in 0.032755 seconds 
========================================================================
Received Import Request.
  Time since last request: 0.000049 seconds.
  path: Assets/Texture/TilePaletteSprites/mk_16_16_nature_tileset_68.asset
  artifactKey: Guid(bea689da3aa182b41904021001222a32) Importer(815301076,1909f56bfc062723c751e8b465ee728b)
Start importing Assets/Texture/TilePaletteSprites/mk_16_16_nature_tileset_68.asset using Guid(bea689da3aa182b41904021001222a32) Importer(815301076,1909f56bfc062723c751e8b465ee728b)  -> (artifact id: 'b743c0f3242b11309a193c13d76f20a7') in 0.039573 seconds 
========================================================================
Received Import Request.
  Time since last request: 0.000040 seconds.
  path: Assets/Texture/TilePaletteSprites/mk_16_16_nature_tileset_69.asset
  artifactKey: Guid(e818532e8651add40be9da772adc8205) Importer(815301076,1909f56bfc062723c751e8b465ee728b)
Start importing Assets/Texture/TilePaletteSprites/mk_16_16_nature_tileset_69.asset using Guid(e818532e8651add40be9da772adc8205) Importer(815301076,1909f56bfc062723c751e8b465ee728b)  -> (artifact id: '6130fc91cf284e3f324ae5733dafaf3b') in 0.032611 seconds 
========================================================================
Received Import Request.
  Time since last request: 0.000036 seconds.
  path: Assets/Texture/TilePaletteSprites/mk_16_16_nature_tileset_75.asset
  artifactKey: Guid(9611997a9b2a010498087fb12194dc20) Importer(815301076,1909f56bfc062723c751e8b465ee728b)
Start importing Assets/Texture/TilePaletteSprites/mk_16_16_nature_tileset_75.asset using Guid(9611997a9b2a010498087fb12194dc20) Importer(815301076,1909f56bfc062723c751e8b465ee728b)  -> (artifact id: 'b496e19d9ee69fa7a52427ce83ac6000') in 0.030809 seconds 
========================================================================
Received Import Request.
  Time since last request: 0.000037 seconds.
  path: Assets/Texture/TilePaletteSprites/mk_16_16_nature_tileset_67.asset
  artifactKey: Guid(75ca86eba08678243b30d8836a044508) Importer(815301076,1909f56bfc062723c751e8b465ee728b)
Start importing Assets/Texture/TilePaletteSprites/mk_16_16_nature_tileset_67.asset using Guid(75ca86eba08678243b30d8836a044508) Importer(815301076,1909f56bfc062723c751e8b465ee728b)  -> (artifact id: '6028d6241a0dd51807da1b07fd9e9315') in 0.034730 seconds 
========================================================================
Received Import Request.
  Time since last request: 0.000046 seconds.
  path: Assets/Texture/TilePaletteSprites/mk_16_16_nature_tileset_70.asset
  artifactKey: Guid(389558f557d0e774d814f66602c22296) Importer(815301076,1909f56bfc062723c751e8b465ee728b)
Start importing Assets/Texture/TilePaletteSprites/mk_16_16_nature_tileset_70.asset using Guid(389558f557d0e774d814f66602c22296) Importer(815301076,1909f56bfc062723c751e8b465ee728b)  -> (artifact id: '1d1a2456e4802fd5b913d8171af4afb7') in 0.033175 seconds 
========================================================================
Received Prepare
Registering precompiled user dll's ...
Registered in 0.031288 seconds.
Begin MonoManager ReloadAssembly
Symbol file LoadedFromMemory doesn't match image C:\Users\elkek\OneDrive\Desktop\Coding Projekt\Syp-Projekt\SYP-Blank-\DungeonGame\Library\PackageCache\com.unity.visualscripting@1.7.8\Editor\VisualScripting.Core\Dependencies\YamlDotNet\Unity.VisualScripting.YamlDotNet.dll
Symbol file LoadedFromMemory doesn't match image C:\Users\elkek\OneDrive\Desktop\Coding Projekt\Syp-Projekt\SYP-Blank-\DungeonGame\Library\PackageCache\com.unity.visualscripting@1.7.8\Editor\VisualScripting.Core\Dependencies\DotNetZip\Unity.VisualScripting.IonicZip.dll
Native extension for WindowsStandalone target not found
Refreshing native plugins compatible for Editor in 11.21 ms, found 4 plugins.
Preloading 0 native plugins for Editor in 0.00 ms.
Mono: successfully reloaded assembly
- Completed reload, in  4.842 seconds
Domain Reload Profiling:
	ReloadAssembly (4844ms)
		BeginReloadAssembly (423ms)
			ExecutionOrderSort (0ms)
			DisableScriptedObjects (28ms)
			BackupInstance (0ms)
			ReleaseScriptingObjects (0ms)
			CreateAndSetChildDomain (116ms)
		EndReloadAssembly (3943ms)
			LoadAssemblies (308ms)
			RebuildTransferFunctionScriptingTraits (0ms)
			SetupTypeCache (1079ms)
			ReleaseScriptCaches (4ms)
			RebuildScriptCaches (252ms)
			SetupLoadedEditorAssemblies (1695ms)
				LogAssemblyErrors (0ms)
				InitializePlatformSupportModulesInManaged (68ms)
				SetLoadedEditorAssemblies (5ms)
				RefreshPlugins (11ms)
				BeforeProcessingInitializeOnLoad (403ms)
				ProcessInitializeOnLoadAttributes (1072ms)
				ProcessInitializeOnLoadMethodAttributes (102ms)
				AfterProcessingInitializeOnLoad (34ms)
				EditorAssembliesLoaded (0ms)
			ExecutionOrderSort2 (0ms)
			AwakeInstancesAfterBackupRestoration (49ms)
Platform modules already initialized, skipping
Refreshing native plugins compatible for Editor in 2.27 ms, found 4 plugins.
Preloading 0 native plugins for Editor in 0.00 ms.
Unloading 3919 Unused Serialized files (Serialized files now loaded: 0)
Unloading 24 unused Assets / (24.6 KB). Loaded Objects now: 4477.
Memory consumption went from 157.4 MB to 157.4 MB.
Total: 14.421000 ms (FindLiveObjects: 2.327300 ms CreateObjectMapping: 0.906600 ms MarkObjects: 11.141800 ms  DeleteObjects: 0.042300 ms)

AssetImportParameters requested are different than current active one (requested -> active):
  custom:video-decoder-ogg-theora: a1e56fd34408186e4bbccfd4996cb3dc -> 
  custom:container-muxer-webm: aa71ff27fc2769a1b78a27578f13a17b -> 
  custom:container-demuxer-webm: 4f35f7cbe854078d1ac9338744f61a02 -> 
  custom:video-encoder-webm-vp8: eb34c28f22e8b96e1ab97ce403110664 -> 
  custom:audio-encoder-webm-vorbis: bf7c407c2cedff20999df2af8eb42d56 -> 
  custom:framework-win-MediaFoundation: 216162199b28c13a410421893ffa2e32 -> 
  custom:container-demuxer-ogg: 62fdf1f143b41e24485cea50d1cbac27 -> 
  custom:video-decoder-webm-vp8: 9c59270c3fd7afecdb556c50c9e8de78 -> 
  custom:audio-decoder-ogg-vorbis: bf7c407c2cedff20999df2af8eb42d56 -> 
Editor requested this worker to shutdown with reason: Scaling down because of idle timeout
AssetImportWorker is now disconnected from the server
Process exiting
Exiting without the bug reporter. Application will terminate with return code 0